error: uncaughtException: this.initializeDatabase is not a function
TypeError: this.initializeDatabase is not a function
    at new App (C:\Projects\EmpType\src\index.ts:36:10)
    at Object.<anonymous> (C:\Projects\EmpType\src\index.ts:76:13)
    at Module._compile (node:internal/modules/cjs/loader:1103:14)
    at Module._compile (C:\Projects\EmpType\node_modules\source-map-support\source-map-support.js:568:25)
    at Module.m._compile (C:\Users\ANTARA~1.CHO\AppData\Local\Temp\ts-node-dev-hook-9713787037722668.js:69:33)
    at Module._extensions..js (node:internal/modules/cjs/loader:1155:10)
    at require.extensions..jsx.require.extensions..js (C:\Users\ANTARA~1.CHO\AppData\Local\Temp\ts-node-dev-hook-9713787037722668.js:114:20)
    at require.extensions.<computed> (C:\Users\ANTARA~1.CHO\AppData\Local\Temp\ts-node-dev-hook-9713787037722668.js:71:20)
    at Object.nodeDevHook [as .ts] (C:\Projects\EmpType\node_modules\ts-node-dev\lib\hook.js:63:13)
    at Module.load (node:internal/modules/cjs/loader:981:32) {"date":"Sat Mar 26 2022 23:02:28 GMT+0530 (India Standard Time)","error":{},"exception":true,"os":{"loadavg":[0,0,0],"uptime":126214},"process":{"argv":["C:\\Program Files\\nodejs\\node.exe","./src/index.ts"],"cwd":"C:\\Projects\\EmpType","execPath":"C:\\Program Files\\nodejs\\node.exe","gid":null,"memoryUsage":{"arrayBuffers":18856235,"external":22739201,"heapTotal":35561472,"heapUsed":22065512,"rss":65200128},"pid":15356,"uid":null,"version":"v16.14.0"},"stack":"TypeError: this.initializeDatabase is not a function\n    at new App (C:\\Projects\\EmpType\\src\\index.ts:36:10)\n    at Object.<anonymous> (C:\\Projects\\EmpType\\src\\index.ts:76:13)\n    at Module._compile (node:internal/modules/cjs/loader:1103:14)\n    at Module._compile (C:\\Projects\\EmpType\\node_modules\\source-map-support\\source-map-support.js:568:25)\n    at Module.m._compile (C:\\Users\\ANTARA~1.CHO\\AppData\\Local\\Temp\\ts-node-dev-hook-9713787037722668.js:69:33)\n    at Module._extensions..js (node:internal/modules/cjs/loader:1155:10)\n    at require.extensions..jsx.require.extensions..js (C:\\Users\\ANTARA~1.CHO\\AppData\\Local\\Temp\\ts-node-dev-hook-9713787037722668.js:114:20)\n    at require.extensions.<computed> (C:\\Users\\ANTARA~1.CHO\\AppData\\Local\\Temp\\ts-node-dev-hook-9713787037722668.js:71:20)\n    at Object.nodeDevHook [as .ts] (C:\\Projects\\EmpType\\node_modules\\ts-node-dev\\lib\\hook.js:63:13)\n    at Module.load (node:internal/modules/cjs/loader:981:32)","timestamp":"2022-03-26T17:32:28.208Z","trace":[{"column":10,"file":"C:\\Projects\\EmpType\\src\\index.ts","function":"new App","line":36,"method":null,"native":false},{"column":13,"file":"C:\\Projects\\EmpType\\src\\index.ts","function":null,"line":76,"method":null,"native":false},{"column":14,"file":"node:internal/modules/cjs/loader","function":"Module._compile","line":1103,"method":"_compile","native":false},{"column":25,"file":"C:\\Projects\\EmpType\\node_modules\\source-map-support\\source-map-support.js","function":"Module._compile","line":568,"method":"_compile","native":false},{"column":33,"file":"C:\\Users\\ANTARA~1.CHO\\AppData\\Local\\Temp\\ts-node-dev-hook-9713787037722668.js","function":"Module.m._compile","line":69,"method":"_compile","native":false},{"column":10,"file":"node:internal/modules/cjs/loader","function":"Module._extensions..js","line":1155,"method":".js","native":false},{"column":20,"file":"C:\\Users\\ANTARA~1.CHO\\AppData\\Local\\Temp\\ts-node-dev-hook-9713787037722668.js","function":"require.extensions..jsx.require.extensions..js","line":114,"method":".js","native":false},{"column":20,"file":"C:\\Users\\ANTARA~1.CHO\\AppData\\Local\\Temp\\ts-node-dev-hook-9713787037722668.js","function":"require.extensions.<computed>","line":71,"method":"<computed>","native":false},{"column":13,"file":"C:\\Projects\\EmpType\\node_modules\\ts-node-dev\\lib\\hook.js","function":"Object.nodeDevHook [as .ts]","line":63,"method":"ts]","native":false},{"column":32,"file":"node:internal/modules/cjs/loader","function":"Module.load","line":981,"method":"load","native":false}]}
error: uncaughtException: logger is not defined
ReferenceError: logger is not defined
    at C:\Projects\EmpType\src\config\database.ts:16:3
    at Generator.next (<anonymous>)
    at fulfilled (C:\Projects\EmpType\src\config\database.ts:5:58)
    at processTicksAndRejections (node:internal/process/task_queues:96:5) {"date":"Sat Mar 26 2022 23:02:53 GMT+0530 (India Standard Time)","error":{},"exception":true,"os":{"loadavg":[0,0,0],"uptime":126240},"process":{"argv":["C:\\Program Files\\nodejs\\node.exe","./src/index.ts"],"cwd":"C:\\Projects\\EmpType","execPath":"C:\\Program Files\\nodejs\\node.exe","gid":null,"memoryUsage":{"arrayBuffers":18718786,"external":22914545,"heapTotal":35037184,"heapUsed":21812320,"rss":60211200},"pid":22480,"uid":null,"version":"v16.14.0"},"stack":"ReferenceError: logger is not defined\n    at C:\\Projects\\EmpType\\src\\config\\database.ts:16:3\n    at Generator.next (<anonymous>)\n    at fulfilled (C:\\Projects\\EmpType\\src\\config\\database.ts:5:58)\n    at processTicksAndRejections (node:internal/process/task_queues:96:5)","timestamp":"2022-03-26T17:32:53.734Z","trace":[{"column":3,"file":"C:\\Projects\\EmpType\\src\\config\\database.ts","function":null,"line":16,"method":null,"native":false},{"column":null,"file":null,"function":"Generator.next","line":null,"method":"next","native":false},{"column":58,"file":"C:\\Projects\\EmpType\\src\\config\\database.ts","function":"fulfilled","line":5,"method":null,"native":false},{"column":5,"file":"node:internal/process/task_queues","function":"processTicksAndRejections","line":96,"method":null,"native":false}]}
error: uncaughtException: Route.get() requires a callback function but got a [object Undefined]
Error: Route.get() requires a callback function but got a [object Undefined]
    at Route.<computed> [as get] (C:\Projects\EmpType\node_modules\express\lib\router\route.js:202:15)
    at Function.proto.<computed> [as get] (C:\Projects\EmpType\node_modules\express\lib\router\index.js:516:19)
    at UserRoutes.routes (C:\Projects\EmpType\src\routes\user.route.ts:17:17)
    at new UserRoutes (C:\Projects\EmpType\src\routes\user.route.ts:12:10)
    at routes (C:\Projects\EmpType\src\routes\index.ts:15:24)
    at App.initializeRoutes (C:\Projects\EmpType\src\index.ts:54:52)
    at new App (C:\Projects\EmpType\src\index.ts:35:10)
    at Object.<anonymous> (C:\Projects\EmpType\src\index.ts:76:13)
    at Module._compile (node:internal/modules/cjs/loader:1103:14)
    at Module._compile (C:\Projects\EmpType\node_modules\source-map-support\source-map-support.js:568:25) {"date":"Mon Mar 28 2022 18:30:30 GMT+0530 (India Standard Time)","error":{},"exception":true,"os":{"loadavg":[0,0,0],"uptime":282696},"process":{"argv":["C:\\Program Files\\nodejs\\node.exe","./src/index.ts"],"cwd":"C:\\Projects\\EmpType","execPath":"C:\\Program Files\\nodejs\\node.exe","gid":null,"memoryUsage":{"arrayBuffers":18587846,"external":21593653,"heapTotal":35823616,"heapUsed":25466560,"rss":65196032},"pid":8520,"uid":null,"version":"v16.14.0"},"stack":"Error: Route.get() requires a callback function but got a [object Undefined]\n    at Route.<computed> [as get] (C:\\Projects\\EmpType\\node_modules\\express\\lib\\router\\route.js:202:15)\n    at Function.proto.<computed> [as get] (C:\\Projects\\EmpType\\node_modules\\express\\lib\\router\\index.js:516:19)\n    at UserRoutes.routes (C:\\Projects\\EmpType\\src\\routes\\user.route.ts:17:17)\n    at new UserRoutes (C:\\Projects\\EmpType\\src\\routes\\user.route.ts:12:10)\n    at routes (C:\\Projects\\EmpType\\src\\routes\\index.ts:15:24)\n    at App.initializeRoutes (C:\\Projects\\EmpType\\src\\index.ts:54:52)\n    at new App (C:\\Projects\\EmpType\\src\\index.ts:35:10)\n    at Object.<anonymous> (C:\\Projects\\EmpType\\src\\index.ts:76:13)\n    at Module._compile (node:internal/modules/cjs/loader:1103:14)\n    at Module._compile (C:\\Projects\\EmpType\\node_modules\\source-map-support\\source-map-support.js:568:25)","timestamp":"2022-03-28T13:00:30.036Z","trace":[{"column":15,"file":"C:\\Projects\\EmpType\\node_modules\\express\\lib\\router\\route.js","function":"Route.<computed> [as get]","line":202,"method":"<computed> [as get]","native":false},{"column":19,"file":"C:\\Projects\\EmpType\\node_modules\\express\\lib\\router\\index.js","function":"Function.proto.<computed> [as get]","line":516,"method":"<computed> [as get]","native":false},{"column":17,"file":"C:\\Projects\\EmpType\\src\\routes\\user.route.ts","function":"UserRoutes.routes","line":17,"method":"routes","native":false},{"column":10,"file":"C:\\Projects\\EmpType\\src\\routes\\user.route.ts","function":"new UserRoutes","line":12,"method":null,"native":false},{"column":24,"file":"C:\\Projects\\EmpType\\src\\routes\\index.ts","function":"routes","line":15,"method":null,"native":false},{"column":52,"file":"C:\\Projects\\EmpType\\src\\index.ts","function":"App.initializeRoutes","line":54,"method":"initializeRoutes","native":false},{"column":10,"file":"C:\\Projects\\EmpType\\src\\index.ts","function":"new App","line":35,"method":null,"native":false},{"column":13,"file":"C:\\Projects\\EmpType\\src\\index.ts","function":null,"line":76,"method":null,"native":false},{"column":14,"file":"node:internal/modules/cjs/loader","function":"Module._compile","line":1103,"method":"_compile","native":false},{"column":25,"file":"C:\\Projects\\EmpType\\node_modules\\source-map-support\\source-map-support.js","function":"Module._compile","line":568,"method":"_compile","native":false}]}
error: 
    status - 500 
    message - ValidationError: "email" is not allowed 
    url - /api/v1/users 
    method - POST 
    IP - ::ffff:127.0.0.1
   {"timestamp":"2022-03-28T13:02:11.978Z"}
error: 
    status - 500 
    message - RangeError: Invalid status code: undefined
    at new NodeError (node:internal/errors:371:5)
    at ServerResponse.writeHead (node:_http_server:274:11)
    at ServerResponse.writeHead (C:\Projects\EmpType\node_modules\on-headers\index.js:44:26)
    at ServerResponse._implicitHeader (node:_http_server:265:8)
    at write_ (node:_http_outgoing:766:9)
    at ServerResponse.end (node:_http_outgoing:855:5)
    at ServerResponse.send (C:\Projects\EmpType\node_modules\express\lib\response.js:221:10)
    at ServerResponse.json (C:\Projects\EmpType\node_modules\express\lib\response.js:267:15)
    at UserController.<anonymous> (C:\Projects\EmpType\src\controllers\user.controller.ts:71:29)
    at Generator.next (<anonymous>) 
    url - /api/v1/users 
    method - POST 
    IP - ::ffff:127.0.0.1
   {"timestamp":"2022-03-28T14:33:41.856Z"}
error: uncaughtException: Route.get() requires a callback function but got a [object Undefined]
Error: Route.get() requires a callback function but got a [object Undefined]
    at Route.<computed> [as get] (C:\Projects\EmpType\node_modules\express\lib\router\route.js:202:15)
    at Function.proto.<computed> [as get] (C:\Projects\EmpType\node_modules\express\lib\router\index.js:516:19)
    at UserRoutes.routes (C:\Projects\EmpType\src\routes\user.route.ts:17:17)
    at new UserRoutes (C:\Projects\EmpType\src\routes\user.route.ts:12:10)
    at routes (C:\Projects\EmpType\src\routes\index.ts:15:24)
    at App.initializeRoutes (C:\Projects\EmpType\src\index.ts:54:52)
    at new App (C:\Projects\EmpType\src\index.ts:35:10)
    at Object.<anonymous> (C:\Projects\EmpType\src\index.ts:76:13)
    at Module._compile (node:internal/modules/cjs/loader:1103:14)
    at Module._compile (C:\Projects\EmpType\node_modules\source-map-support\source-map-support.js:568:25) {"date":"Mon Mar 28 2022 20:14:16 GMT+0530 (India Standard Time)","error":{},"exception":true,"os":{"loadavg":[0,0,0],"uptime":288922},"process":{"argv":["C:\\Program Files\\nodejs\\node.exe","./src/index.ts"],"cwd":"C:\\Projects\\EmpType","execPath":"C:\\Program Files\\nodejs\\node.exe","gid":null,"memoryUsage":{"arrayBuffers":18665376,"external":22784696,"heapTotal":33988608,"heapUsed":23034176,"rss":61390848},"pid":11692,"uid":null,"version":"v16.14.0"},"stack":"Error: Route.get() requires a callback function but got a [object Undefined]\n    at Route.<computed> [as get] (C:\\Projects\\EmpType\\node_modules\\express\\lib\\router\\route.js:202:15)\n    at Function.proto.<computed> [as get] (C:\\Projects\\EmpType\\node_modules\\express\\lib\\router\\index.js:516:19)\n    at UserRoutes.routes (C:\\Projects\\EmpType\\src\\routes\\user.route.ts:17:17)\n    at new UserRoutes (C:\\Projects\\EmpType\\src\\routes\\user.route.ts:12:10)\n    at routes (C:\\Projects\\EmpType\\src\\routes\\index.ts:15:24)\n    at App.initializeRoutes (C:\\Projects\\EmpType\\src\\index.ts:54:52)\n    at new App (C:\\Projects\\EmpType\\src\\index.ts:35:10)\n    at Object.<anonymous> (C:\\Projects\\EmpType\\src\\index.ts:76:13)\n    at Module._compile (node:internal/modules/cjs/loader:1103:14)\n    at Module._compile (C:\\Projects\\EmpType\\node_modules\\source-map-support\\source-map-support.js:568:25)","timestamp":"2022-03-28T14:44:16.481Z","trace":[{"column":15,"file":"C:\\Projects\\EmpType\\node_modules\\express\\lib\\router\\route.js","function":"Route.<computed> [as get]","line":202,"method":"<computed> [as get]","native":false},{"column":19,"file":"C:\\Projects\\EmpType\\node_modules\\express\\lib\\router\\index.js","function":"Function.proto.<computed> [as get]","line":516,"method":"<computed> [as get]","native":false},{"column":17,"file":"C:\\Projects\\EmpType\\src\\routes\\user.route.ts","function":"UserRoutes.routes","line":17,"method":"routes","native":false},{"column":10,"file":"C:\\Projects\\EmpType\\src\\routes\\user.route.ts","function":"new UserRoutes","line":12,"method":null,"native":false},{"column":24,"file":"C:\\Projects\\EmpType\\src\\routes\\index.ts","function":"routes","line":15,"method":null,"native":false},{"column":52,"file":"C:\\Projects\\EmpType\\src\\index.ts","function":"App.initializeRoutes","line":54,"method":"initializeRoutes","native":false},{"column":10,"file":"C:\\Projects\\EmpType\\src\\index.ts","function":"new App","line":35,"method":null,"native":false},{"column":13,"file":"C:\\Projects\\EmpType\\src\\index.ts","function":null,"line":76,"method":null,"native":false},{"column":14,"file":"node:internal/modules/cjs/loader","function":"Module._compile","line":1103,"method":"_compile","native":false},{"column":25,"file":"C:\\Projects\\EmpType\\node_modules\\source-map-support\\source-map-support.js","function":"Module._compile","line":568,"method":"_compile","native":false}]}
error: uncaughtException: Route.get() requires a callback function but got a [object Undefined]
Error: Route.get() requires a callback function but got a [object Undefined]
    at Route.<computed> [as get] (C:\Projects\EmpType\node_modules\express\lib\router\route.js:202:15)
    at Function.proto.<computed> [as get] (C:\Projects\EmpType\node_modules\express\lib\router\index.js:516:19)
    at UserRoutes.routes (C:\Projects\EmpType\src\routes\user.route.ts:17:17)
    at new UserRoutes (C:\Projects\EmpType\src\routes\user.route.ts:12:10)
    at routes (C:\Projects\EmpType\src\routes\index.ts:15:24)
    at App.initializeRoutes (C:\Projects\EmpType\src\index.ts:54:52)
    at new App (C:\Projects\EmpType\src\index.ts:35:10)
    at Object.<anonymous> (C:\Projects\EmpType\src\index.ts:76:13)
    at Module._compile (node:internal/modules/cjs/loader:1103:14)
    at Module._compile (C:\Projects\EmpType\node_modules\source-map-support\source-map-support.js:568:25) {"date":"Mon Mar 28 2022 20:15:21 GMT+0530 (India Standard Time)","error":{},"exception":true,"os":{"loadavg":[0,0,0],"uptime":288987},"process":{"argv":["C:\\Program Files\\nodejs\\node.exe","./src/index.ts"],"cwd":"C:\\Projects\\EmpType","execPath":"C:\\Program Files\\nodejs\\node.exe","gid":null,"memoryUsage":{"arrayBuffers":18499328,"external":22602407,"heapTotal":35823616,"heapUsed":21085528,"rss":64966656},"pid":18312,"uid":null,"version":"v16.14.0"},"stack":"Error: Route.get() requires a callback function but got a [object Undefined]\n    at Route.<computed> [as get] (C:\\Projects\\EmpType\\node_modules\\express\\lib\\router\\route.js:202:15)\n    at Function.proto.<computed> [as get] (C:\\Projects\\EmpType\\node_modules\\express\\lib\\router\\index.js:516:19)\n    at UserRoutes.routes (C:\\Projects\\EmpType\\src\\routes\\user.route.ts:17:17)\n    at new UserRoutes (C:\\Projects\\EmpType\\src\\routes\\user.route.ts:12:10)\n    at routes (C:\\Projects\\EmpType\\src\\routes\\index.ts:15:24)\n    at App.initializeRoutes (C:\\Projects\\EmpType\\src\\index.ts:54:52)\n    at new App (C:\\Projects\\EmpType\\src\\index.ts:35:10)\n    at Object.<anonymous> (C:\\Projects\\EmpType\\src\\index.ts:76:13)\n    at Module._compile (node:internal/modules/cjs/loader:1103:14)\n    at Module._compile (C:\\Projects\\EmpType\\node_modules\\source-map-support\\source-map-support.js:568:25)","timestamp":"2022-03-28T14:45:21.137Z","trace":[{"column":15,"file":"C:\\Projects\\EmpType\\node_modules\\express\\lib\\router\\route.js","function":"Route.<computed> [as get]","line":202,"method":"<computed> [as get]","native":false},{"column":19,"file":"C:\\Projects\\EmpType\\node_modules\\express\\lib\\router\\index.js","function":"Function.proto.<computed> [as get]","line":516,"method":"<computed> [as get]","native":false},{"column":17,"file":"C:\\Projects\\EmpType\\src\\routes\\user.route.ts","function":"UserRoutes.routes","line":17,"method":"routes","native":false},{"column":10,"file":"C:\\Projects\\EmpType\\src\\routes\\user.route.ts","function":"new UserRoutes","line":12,"method":null,"native":false},{"column":24,"file":"C:\\Projects\\EmpType\\src\\routes\\index.ts","function":"routes","line":15,"method":null,"native":false},{"column":52,"file":"C:\\Projects\\EmpType\\src\\index.ts","function":"App.initializeRoutes","line":54,"method":"initializeRoutes","native":false},{"column":10,"file":"C:\\Projects\\EmpType\\src\\index.ts","function":"new App","line":35,"method":null,"native":false},{"column":13,"file":"C:\\Projects\\EmpType\\src\\index.ts","function":null,"line":76,"method":null,"native":false},{"column":14,"file":"node:internal/modules/cjs/loader","function":"Module._compile","line":1103,"method":"_compile","native":false},{"column":25,"file":"C:\\Projects\\EmpType\\node_modules\\source-map-support\\source-map-support.js","function":"Module._compile","line":568,"method":"_compile","native":false}]}
error: 
      status - 400
      message - Authorization token is required 
      url - /api/v1/users/:6241b2f71307d0fab5dc62b4 
      method - GET 
      IP - ::ffff:127.0.0.1
     {"timestamp":"2022-03-28T16:46:58.200Z"}
error: 
    status - 500 
    message - BSONTypeError: Argument passed in must be a string of 12 bytes or a string of 24 hex characters
    at new BSONTypeError (C:\Projects\EmpType\node_modules\mongodb\node_modules\bson\src\error.ts:16:5)
    at new ObjectId (C:\Projects\EmpType\node_modules\mongodb\node_modules\bson\src\objectid.ts:86:15)
    at UserDao.<anonymous> (C:\Projects\EmpType\src\Dao\user.dao.ts:17:83)
    at Generator.next (<anonymous>)
    at C:\Projects\EmpType\src\Dao\user.dao.ts:8:71
    at new Promise (<anonymous>)
    at __awaiter (C:\Projects\EmpType\src\Dao\user.dao.ts:4:12)
    at UserDao.findById (C:\Projects\EmpType\src\Dao\user.dao.ts:16:40)
    at UserService.<anonymous> (C:\Projects\EmpType\src\services\user.service.ts:33:31)
    at Generator.next (<anonymous>) 
    url - /api/v1/users/6241b2b71307d0fab5dc62b 
    method - GET 
    IP - ::ffff:127.0.0.1
   {"timestamp":"2022-03-28T18:08:28.403Z"}
error: 
    status - 500 
    message - SyntaxError: Unexpected string in JSON at position 96
    at JSON.parse (<anonymous>)
    at parse (C:\Projects\EmpType\node_modules\body-parser\lib\types\json.js:89:19)
    at C:\Projects\EmpType\node_modules\body-parser\lib\read.js:121:18
    at invokeCallback (C:\Projects\EmpType\node_modules\raw-body\index.js:224:16)
    at done (C:\Projects\EmpType\node_modules\raw-body\index.js:213:7)
    at IncomingMessage.onEnd (C:\Projects\EmpType\node_modules\raw-body\index.js:273:7)
    at IncomingMessage.emit (node:events:532:35)
    at endReadableNT (node:internal/streams/readable:1346:12)
    at processTicksAndRejections (node:internal/process/task_queues:83:21) 
    url - /api/v1/users/ 
    method - POST 
    IP - ::ffff:127.0.0.1
   {"timestamp":"2022-03-30T10:19:35.970Z"}
error: 
    status - 500 
    message - Error: data and salt arguments required
    at Object.hash (C:\Projects\EmpType\node_modules\bcrypt\bcrypt.js:137:17)
    at C:\Projects\EmpType\node_modules\bcrypt\promises.js:29:12
    at new Promise (<anonymous>)
    at Object.module.exports.promise (C:\Projects\EmpType\node_modules\bcrypt\promises.js:20:12)
    at Object.hash (C:\Projects\EmpType\node_modules\bcrypt\bcrypt.js:133:25)
    at UserDao.<anonymous> (C:\Projects\EmpType\src\Dao\user.dao.ts:58:45)
    at Generator.next (<anonymous>)
    at C:\Projects\EmpType\src\Dao\user.dao.ts:8:71
    at new Promise (<anonymous>)
    at __awaiter (C:\Projects\EmpType\src\Dao\user.dao.ts:4:12) 
    url - /api/v1/users/registrationAdmin 
    method - POST 
    IP - ::ffff:127.0.0.1
   {"timestamp":"2022-03-30T12:02:53.863Z"}
error: 
    status - 500 
    message - SyntaxError: Unexpected string in JSON at position 79
    at JSON.parse (<anonymous>)
    at parse (C:\Projects\EmpType\node_modules\body-parser\lib\types\json.js:89:19)
    at C:\Projects\EmpType\node_modules\body-parser\lib\read.js:121:18
    at invokeCallback (C:\Projects\EmpType\node_modules\raw-body\index.js:224:16)
    at done (C:\Projects\EmpType\node_modules\raw-body\index.js:213:7)
    at IncomingMessage.onEnd (C:\Projects\EmpType\node_modules\raw-body\index.js:273:7)
    at IncomingMessage.emit (node:events:532:35)
    at endReadableNT (node:internal/streams/readable:1346:12)
    at processTicksAndRejections (node:internal/process/task_queues:83:21) 
    url - /api/v1/users/registrationAdmin 
    method - POST 
    IP - ::ffff:127.0.0.1
   {"timestamp":"2022-03-30T12:08:45.316Z"}
error: 
    status - 500 
    message - BSONTypeError: Argument passed in must be a string of 12 bytes or a string of 24 hex characters
    at new BSONTypeError (C:\Projects\EmpType\node_modules\mongodb\node_modules\bson\src\error.ts:16:5)
    at new ObjectId (C:\Projects\EmpType\node_modules\mongodb\node_modules\bson\src\objectid.ts:86:15)
    at UserDao.<anonymous> (C:\Projects\EmpType\src\Dao\user.dao.ts:44:20)
    at Generator.next (<anonymous>)
    at C:\Projects\EmpType\src\Dao\user.dao.ts:8:71
    at new Promise (<anonymous>)
    at __awaiter (C:\Projects\EmpType\src\Dao\user.dao.ts:4:12)
    at UserDao.Update (C:\Projects\EmpType\src\Dao\user.dao.ts:42:55)
    at UserService.<anonymous> (C:\Projects\EmpType\src\services\user.service.ts:54:31)
    at Generator.next (<anonymous>) 
    url - /api/v1/users/id 
    method - PUT 
    IP - ::ffff:127.0.0.1
   {"timestamp":"2022-03-31T05:28:14.538Z"}
error: 
    status - 500 
    message - Error: Authorization token is requiredStatus: 404
    at C:\Projects\EmpType\src\middlewares\auth.middleware.ts:21:11
    at Generator.next (<anonymous>)
    at C:\Projects\EmpType\src\middlewares\auth.middleware.ts:8:71
    at new Promise (<anonymous>)
    at __awaiter (C:\Projects\EmpType\src\middlewares\auth.middleware.ts:4:12)
    at userAuth (C:\Projects\EmpType\src\middlewares\auth.middleware.ts:17:20)
    at Layer.handle [as handle_request] (C:\Projects\EmpType\node_modules\express\lib\router\layer.js:95:5)
    at next (C:\Projects\EmpType\node_modules\express\lib\router\route.js:137:13)
    at Route.dispatch (C:\Projects\EmpType\node_modules\express\lib\router\route.js:112:3)
    at Layer.handle [as handle_request] (C:\Projects\EmpType\node_modules\express\lib\router\layer.js:95:5) 
    url - /api/v1/users/ 
    method - POST 
    IP - ::ffff:127.0.0.1
   {"timestamp":"2022-03-31T08:29:15.532Z"}
error: 
    status - 500 
    message - TypeError: Cannot destructure property 'user' of '(intermediate value)' as it is undefined.
    at C:\Projects\EmpType\src\middlewares\auth.middleware.ts:24:13
    at Generator.next (<anonymous>)
    at fulfilled (C:\Projects\EmpType\src\middlewares\auth.middleware.ts:5:58)
    at processTicksAndRejections (node:internal/process/task_queues:96:5) 
    url - /api/v1/users/ 
    method - POST 
    IP - ::ffff:127.0.0.1
   {"timestamp":"2022-03-31T08:29:56.811Z"}
error: 
    status - 500 
    message - Error: Authorization token is required404
    at C:\Projects\EmpType\src\middlewares\auth.middleware.ts:51:13
    at Generator.next (<anonymous>)
    at C:\Projects\EmpType\src\middlewares\auth.middleware.ts:8:71
    at new Promise (<anonymous>)
    at __awaiter (C:\Projects\EmpType\src\middlewares\auth.middleware.ts:4:12)
    at adminAuth (C:\Projects\EmpType\src\middlewares\auth.middleware.ts:47:20)
    at Layer.handle [as handle_request] (C:\Projects\EmpType\node_modules\express\lib\router\layer.js:95:5)
    at next (C:\Projects\EmpType\node_modules\express\lib\router\route.js:137:13)
    at Route.dispatch (C:\Projects\EmpType\node_modules\express\lib\router\route.js:112:3)
    at Layer.handle [as handle_request] (C:\Projects\EmpType\node_modules\express\lib\router\layer.js:95:5) 
    url - /api/v1/users/ 
    method - POST 
    IP - ::ffff:127.0.0.1
   {"timestamp":"2022-03-31T10:01:09.584Z"}
error: 
    status - 500 
    message - Error: code:404Authorization token is required
    at C:\Projects\EmpType\src\middlewares\auth.middleware.ts:51:13
    at Generator.next (<anonymous>)
    at C:\Projects\EmpType\src\middlewares\auth.middleware.ts:8:71
    at new Promise (<anonymous>)
    at __awaiter (C:\Projects\EmpType\src\middlewares\auth.middleware.ts:4:12)
    at adminAuth (C:\Projects\EmpType\src\middlewares\auth.middleware.ts:47:20)
    at Layer.handle [as handle_request] (C:\Projects\EmpType\node_modules\express\lib\router\layer.js:95:5)
    at next (C:\Projects\EmpType\node_modules\express\lib\router\route.js:137:13)
    at Route.dispatch (C:\Projects\EmpType\node_modules\express\lib\router\route.js:112:3)
    at Layer.handle [as handle_request] (C:\Projects\EmpType\node_modules\express\lib\router\layer.js:95:5) 
    url - /api/v1/users/ 
    method - POST 
    IP - ::ffff:127.0.0.1
   {"timestamp":"2022-03-31T10:03:11.262Z"}
error: uncaughtException: UserValidator_1.default is not a constructor
TypeError: UserValidator_1.default is not a constructor
    at new UserRoutes (C:\Projects\EmpType\src\routes\UserRoutes.ts:9:27)
    at routes (C:\Projects\EmpType\src\routes\index.ts:15:24)
    at App.initializeRoutes (C:\Projects\EmpType\src\index.ts:46:52)
    at new App (C:\Projects\EmpType\src\index.ts:31:10)
    at Object.<anonymous> (C:\Projects\EmpType\src\index.ts:68:13)
    at Module._compile (node:internal/modules/cjs/loader:1103:14)
    at Module._compile (C:\Projects\EmpType\node_modules\source-map-support\source-map-support.js:568:25)
    at Module.m._compile (C:\Users\ANTARA~1.CHO\AppData\Local\Temp\ts-node-dev-hook-39303988813536694.js:69:33)
    at Module._extensions..js (node:internal/modules/cjs/loader:1155:10)
    at require.extensions..jsx.require.extensions..js (C:\Users\ANTARA~1.CHO\AppData\Local\Temp\ts-node-dev-hook-39303988813536694.js:114:20) {"date":"Thu Mar 31 2022 15:48:43 GMT+0530 (India Standard Time)","error":{},"exception":true,"os":{"loadavg":[0,0,0],"uptime":532189},"process":{"argv":["C:\\Program Files\\nodejs\\node.exe","./src/index.ts"],"cwd":"C:\\Projects\\EmpType","execPath":"C:\\Program Files\\nodejs\\node.exe","gid":null,"memoryUsage":{"arrayBuffers":18583071,"external":23355580,"heapTotal":37396480,"heapUsed":23905136,"rss":111349760},"pid":8372,"uid":null,"version":"v16.14.0"},"stack":"TypeError: UserValidator_1.default is not a constructor\n    at new UserRoutes (C:\\Projects\\EmpType\\src\\routes\\UserRoutes.ts:9:27)\n    at routes (C:\\Projects\\EmpType\\src\\routes\\index.ts:15:24)\n    at App.initializeRoutes (C:\\Projects\\EmpType\\src\\index.ts:46:52)\n    at new App (C:\\Projects\\EmpType\\src\\index.ts:31:10)\n    at Object.<anonymous> (C:\\Projects\\EmpType\\src\\index.ts:68:13)\n    at Module._compile (node:internal/modules/cjs/loader:1103:14)\n    at Module._compile (C:\\Projects\\EmpType\\node_modules\\source-map-support\\source-map-support.js:568:25)\n    at Module.m._compile (C:\\Users\\ANTARA~1.CHO\\AppData\\Local\\Temp\\ts-node-dev-hook-39303988813536694.js:69:33)\n    at Module._extensions..js (node:internal/modules/cjs/loader:1155:10)\n    at require.extensions..jsx.require.extensions..js (C:\\Users\\ANTARA~1.CHO\\AppData\\Local\\Temp\\ts-node-dev-hook-39303988813536694.js:114:20)","timestamp":"2022-03-31T10:18:43.421Z","trace":[{"column":27,"file":"C:\\Projects\\EmpType\\src\\routes\\UserRoutes.ts","function":"new UserRoutes","line":9,"method":null,"native":false},{"column":24,"file":"C:\\Projects\\EmpType\\src\\routes\\index.ts","function":"routes","line":15,"method":null,"native":false},{"column":52,"file":"C:\\Projects\\EmpType\\src\\index.ts","function":"App.initializeRoutes","line":46,"method":"initializeRoutes","native":false},{"column":10,"file":"C:\\Projects\\EmpType\\src\\index.ts","function":"new App","line":31,"method":null,"native":false},{"column":13,"file":"C:\\Projects\\EmpType\\src\\index.ts","function":null,"line":68,"method":null,"native":false},{"column":14,"file":"node:internal/modules/cjs/loader","function":"Module._compile","line":1103,"method":"_compile","native":false},{"column":25,"file":"C:\\Projects\\EmpType\\node_modules\\source-map-support\\source-map-support.js","function":"Module._compile","line":568,"method":"_compile","native":false},{"column":33,"file":"C:\\Users\\ANTARA~1.CHO\\AppData\\Local\\Temp\\ts-node-dev-hook-39303988813536694.js","function":"Module.m._compile","line":69,"method":"_compile","native":false},{"column":10,"file":"node:internal/modules/cjs/loader","function":"Module._extensions..js","line":1155,"method":".js","native":false},{"column":20,"file":"C:\\Users\\ANTARA~1.CHO\\AppData\\Local\\Temp\\ts-node-dev-hook-39303988813536694.js","function":"require.extensions..jsx.require.extensions..js","line":114,"method":".js","native":false}]}
error: uncaughtException: UserValidator_1.default is not a constructor
TypeError: UserValidator_1.default is not a constructor
    at new UserRoutes (C:\Projects\EmpType\src\routes\UserRoutes.ts:9:27)
    at routes (C:\Projects\EmpType\src\routes\index.ts:15:24)
    at App.initializeRoutes (C:\Projects\EmpType\src\index.ts:46:52)
    at new App (C:\Projects\EmpType\src\index.ts:31:10)
    at Object.<anonymous> (C:\Projects\EmpType\src\index.ts:68:13)
    at Module._compile (node:internal/modules/cjs/loader:1103:14)
    at Module._compile (C:\Projects\EmpType\node_modules\source-map-support\source-map-support.js:568:25)
    at Module.m._compile (C:\Users\ANTARA~1.CHO\AppData\Local\Temp\ts-node-dev-hook-39303988813536694.js:69:33)
    at Module._extensions..js (node:internal/modules/cjs/loader:1155:10)
    at require.extensions..jsx.require.extensions..js (C:\Users\ANTARA~1.CHO\AppData\Local\Temp\ts-node-dev-hook-39303988813536694.js:114:20) {"date":"Thu Mar 31 2022 15:50:15 GMT+0530 (India Standard Time)","error":{},"exception":true,"os":{"loadavg":[0,0,0],"uptime":532281},"process":{"argv":["C:\\Program Files\\nodejs\\node.exe","./src/index.ts"],"cwd":"C:\\Projects\\EmpType","execPath":"C:\\Program Files\\nodejs\\node.exe","gid":null,"memoryUsage":{"arrayBuffers":18564218,"external":23355580,"heapTotal":37134336,"heapUsed":23557064,"rss":111271936},"pid":7544,"uid":null,"version":"v16.14.0"},"stack":"TypeError: UserValidator_1.default is not a constructor\n    at new UserRoutes (C:\\Projects\\EmpType\\src\\routes\\UserRoutes.ts:9:27)\n    at routes (C:\\Projects\\EmpType\\src\\routes\\index.ts:15:24)\n    at App.initializeRoutes (C:\\Projects\\EmpType\\src\\index.ts:46:52)\n    at new App (C:\\Projects\\EmpType\\src\\index.ts:31:10)\n    at Object.<anonymous> (C:\\Projects\\EmpType\\src\\index.ts:68:13)\n    at Module._compile (node:internal/modules/cjs/loader:1103:14)\n    at Module._compile (C:\\Projects\\EmpType\\node_modules\\source-map-support\\source-map-support.js:568:25)\n    at Module.m._compile (C:\\Users\\ANTARA~1.CHO\\AppData\\Local\\Temp\\ts-node-dev-hook-39303988813536694.js:69:33)\n    at Module._extensions..js (node:internal/modules/cjs/loader:1155:10)\n    at require.extensions..jsx.require.extensions..js (C:\\Users\\ANTARA~1.CHO\\AppData\\Local\\Temp\\ts-node-dev-hook-39303988813536694.js:114:20)","timestamp":"2022-03-31T10:20:15.397Z","trace":[{"column":27,"file":"C:\\Projects\\EmpType\\src\\routes\\UserRoutes.ts","function":"new UserRoutes","line":9,"method":null,"native":false},{"column":24,"file":"C:\\Projects\\EmpType\\src\\routes\\index.ts","function":"routes","line":15,"method":null,"native":false},{"column":52,"file":"C:\\Projects\\EmpType\\src\\index.ts","function":"App.initializeRoutes","line":46,"method":"initializeRoutes","native":false},{"column":10,"file":"C:\\Projects\\EmpType\\src\\index.ts","function":"new App","line":31,"method":null,"native":false},{"column":13,"file":"C:\\Projects\\EmpType\\src\\index.ts","function":null,"line":68,"method":null,"native":false},{"column":14,"file":"node:internal/modules/cjs/loader","function":"Module._compile","line":1103,"method":"_compile","native":false},{"column":25,"file":"C:\\Projects\\EmpType\\node_modules\\source-map-support\\source-map-support.js","function":"Module._compile","line":568,"method":"_compile","native":false},{"column":33,"file":"C:\\Users\\ANTARA~1.CHO\\AppData\\Local\\Temp\\ts-node-dev-hook-39303988813536694.js","function":"Module.m._compile","line":69,"method":"_compile","native":false},{"column":10,"file":"node:internal/modules/cjs/loader","function":"Module._extensions..js","line":1155,"method":".js","native":false},{"column":20,"file":"C:\\Users\\ANTARA~1.CHO\\AppData\\Local\\Temp\\ts-node-dev-hook-39303988813536694.js","function":"require.extensions..jsx.require.extensions..js","line":114,"method":".js","native":false}]}
error: uncaughtException: UserValidator_1.default is not a constructor
TypeError: UserValidator_1.default is not a constructor
    at new UserRoutes (C:\Projects\EmpType\src\routes\UserRoutes.ts:9:27)
    at routes (C:\Projects\EmpType\src\routes\index.ts:15:24)
    at App.initializeRoutes (C:\Projects\EmpType\src\index.ts:46:52)
    at new App (C:\Projects\EmpType\src\index.ts:31:10)
    at Object.<anonymous> (C:\Projects\EmpType\src\index.ts:68:13)
    at Module._compile (node:internal/modules/cjs/loader:1103:14)
    at Module._compile (C:\Projects\EmpType\node_modules\source-map-support\source-map-support.js:568:25)
    at Module.m._compile (C:\Users\ANTARA~1.CHO\AppData\Local\Temp\ts-node-dev-hook-39303988813536694.js:69:33)
    at Module._extensions..js (node:internal/modules/cjs/loader:1155:10)
    at require.extensions..jsx.require.extensions..js (C:\Users\ANTARA~1.CHO\AppData\Local\Temp\ts-node-dev-hook-39303988813536694.js:114:20) {"date":"Thu Mar 31 2022 16:51:04 GMT+0530 (India Standard Time)","error":{},"exception":true,"os":{"loadavg":[0,0,0],"uptime":535931},"process":{"argv":["C:\\Program Files\\nodejs\\node.exe","./src/index.ts"],"cwd":"C:\\Projects\\EmpType","execPath":"C:\\Program Files\\nodejs\\node.exe","gid":null,"memoryUsage":{"arrayBuffers":18569901,"external":23352099,"heapTotal":37134336,"heapUsed":24466176,"rss":111267840},"pid":11368,"uid":null,"version":"v16.14.0"},"stack":"TypeError: UserValidator_1.default is not a constructor\n    at new UserRoutes (C:\\Projects\\EmpType\\src\\routes\\UserRoutes.ts:9:27)\n    at routes (C:\\Projects\\EmpType\\src\\routes\\index.ts:15:24)\n    at App.initializeRoutes (C:\\Projects\\EmpType\\src\\index.ts:46:52)\n    at new App (C:\\Projects\\EmpType\\src\\index.ts:31:10)\n    at Object.<anonymous> (C:\\Projects\\EmpType\\src\\index.ts:68:13)\n    at Module._compile (node:internal/modules/cjs/loader:1103:14)\n    at Module._compile (C:\\Projects\\EmpType\\node_modules\\source-map-support\\source-map-support.js:568:25)\n    at Module.m._compile (C:\\Users\\ANTARA~1.CHO\\AppData\\Local\\Temp\\ts-node-dev-hook-39303988813536694.js:69:33)\n    at Module._extensions..js (node:internal/modules/cjs/loader:1155:10)\n    at require.extensions..jsx.require.extensions..js (C:\\Users\\ANTARA~1.CHO\\AppData\\Local\\Temp\\ts-node-dev-hook-39303988813536694.js:114:20)","timestamp":"2022-03-31T11:21:04.934Z","trace":[{"column":27,"file":"C:\\Projects\\EmpType\\src\\routes\\UserRoutes.ts","function":"new UserRoutes","line":9,"method":null,"native":false},{"column":24,"file":"C:\\Projects\\EmpType\\src\\routes\\index.ts","function":"routes","line":15,"method":null,"native":false},{"column":52,"file":"C:\\Projects\\EmpType\\src\\index.ts","function":"App.initializeRoutes","line":46,"method":"initializeRoutes","native":false},{"column":10,"file":"C:\\Projects\\EmpType\\src\\index.ts","function":"new App","line":31,"method":null,"native":false},{"column":13,"file":"C:\\Projects\\EmpType\\src\\index.ts","function":null,"line":68,"method":null,"native":false},{"column":14,"file":"node:internal/modules/cjs/loader","function":"Module._compile","line":1103,"method":"_compile","native":false},{"column":25,"file":"C:\\Projects\\EmpType\\node_modules\\source-map-support\\source-map-support.js","function":"Module._compile","line":568,"method":"_compile","native":false},{"column":33,"file":"C:\\Users\\ANTARA~1.CHO\\AppData\\Local\\Temp\\ts-node-dev-hook-39303988813536694.js","function":"Module.m._compile","line":69,"method":"_compile","native":false},{"column":10,"file":"node:internal/modules/cjs/loader","function":"Module._extensions..js","line":1155,"method":".js","native":false},{"column":20,"file":"C:\\Users\\ANTARA~1.CHO\\AppData\\Local\\Temp\\ts-node-dev-hook-39303988813536694.js","function":"require.extensions..jsx.require.extensions..js","line":114,"method":".js","native":false}]}
error: 
    status - 500 
    message - SyntaxError: Unexpected string in JSON at position 79
    at JSON.parse (<anonymous>)
    at parse (C:\Projects\EmpType\node_modules\body-parser\lib\types\json.js:89:19)
    at C:\Projects\EmpType\node_modules\body-parser\lib\read.js:121:18
    at invokeCallback (C:\Projects\EmpType\node_modules\raw-body\index.js:224:16)
    at done (C:\Projects\EmpType\node_modules\raw-body\index.js:213:7)
    at IncomingMessage.onEnd (C:\Projects\EmpType\node_modules\raw-body\index.js:273:7)
    at IncomingMessage.emit (node:events:532:35)
    at endReadableNT (node:internal/streams/readable:1346:12)
    at processTicksAndRejections (node:internal/process/task_queues:83:21) 
    url - /api/v1/users/ 
    method - POST 
    IP - ::ffff:127.0.0.1
   {"timestamp":"2022-03-31T11:32:27.672Z"}
error: 
    status - 500 
    message - undefined 
    url - /api/v1/users/login 
    method - POST 
    IP - ::1
   {"timestamp":"2022-04-01T05:25:16.918Z"}
error: 
    status - 500 
    message - undefined 
    url - /api/v1/users/login 
    method - POST 
    IP - ::1
   {"timestamp":"2022-04-01T05:39:00.229Z"}
error: 
    status - 500 
    message - BSONTypeError: Argument passed in must be a string of 12 bytes or a string of 24 hex characters
    at new BSONTypeError (C:\Projects\EmpType\node_modules\mongodb\node_modules\bson\src\error.ts:16:5)
    at new ObjectId (C:\Projects\EmpType\node_modules\mongodb\node_modules\bson\src\objectid.ts:86:15)
    at UserDao.<anonymous> (C:\Projects\EmpType\src\Dao\user.dao.ts:35:83)
    at Generator.next (<anonymous>)
    at C:\Projects\EmpType\src\Dao\user.dao.ts:8:71
    at new Promise (<anonymous>)
    at __awaiter (C:\Projects\EmpType\src\Dao\user.dao.ts:4:12)
    at UserDao.deleteUser (C:\Projects\EmpType\src\Dao\user.dao.ts:34:47)
    at UserService.<anonymous> (C:\Projects\EmpType\src\services\UserService.ts:40:31)
    at Generator.next (<anonymous>) 
    url - /api/v1/users/undefined 
    method - DELETE 
    IP - ::1
   {"timestamp":"2022-04-01T05:50:23.122Z"}
error: uncaughtException: userController is not defined
ReferenceError: userController is not defined
    at Object.<anonymous> (C:\Projects\EmpType\src\controllers\UserController.ts:179:16)
    at Module._compile (node:internal/modules/cjs/loader:1103:14)
    at Module._compile (C:\Projects\EmpType\node_modules\source-map-support\source-map-support.js:568:25)
    at Module.m._compile (C:\Users\ANTARA~1.CHO\AppData\Local\Temp\ts-node-dev-hook-345001305426317.js:69:33)
    at Module._extensions..js (node:internal/modules/cjs/loader:1155:10)
    at require.extensions..jsx.require.extensions..js (C:\Users\ANTARA~1.CHO\AppData\Local\Temp\ts-node-dev-hook-345001305426317.js:114:20)
    at require.extensions.<computed> (C:\Users\ANTARA~1.CHO\AppData\Local\Temp\ts-node-dev-hook-345001305426317.js:71:20)
    at Object.nodeDevHook [as .ts] (C:\Projects\EmpType\node_modules\ts-node-dev\lib\hook.js:63:13)
    at Module.load (node:internal/modules/cjs/loader:981:32)
    at Function.Module._load (node:internal/modules/cjs/loader:822:12) {"date":"Fri Apr 01 2022 17:47:59 GMT+0530 (India Standard Time)","error":{},"exception":true,"os":{"loadavg":[0,0,0],"uptime":625745},"process":{"argv":["C:\\Program Files\\nodejs\\node.exe","./src/index.ts"],"cwd":"C:\\Projects\\EmpType","execPath":"C:\\Program Files\\nodejs\\node.exe","gid":null,"memoryUsage":{"arrayBuffers":18847273,"external":22740776,"heapTotal":34250752,"heapUsed":23974328,"rss":64569344},"pid":19832,"uid":null,"version":"v16.14.0"},"stack":"ReferenceError: userController is not defined\n    at Object.<anonymous> (C:\\Projects\\EmpType\\src\\controllers\\UserController.ts:179:16)\n    at Module._compile (node:internal/modules/cjs/loader:1103:14)\n    at Module._compile (C:\\Projects\\EmpType\\node_modules\\source-map-support\\source-map-support.js:568:25)\n    at Module.m._compile (C:\\Users\\ANTARA~1.CHO\\AppData\\Local\\Temp\\ts-node-dev-hook-345001305426317.js:69:33)\n    at Module._extensions..js (node:internal/modules/cjs/loader:1155:10)\n    at require.extensions..jsx.require.extensions..js (C:\\Users\\ANTARA~1.CHO\\AppData\\Local\\Temp\\ts-node-dev-hook-345001305426317.js:114:20)\n    at require.extensions.<computed> (C:\\Users\\ANTARA~1.CHO\\AppData\\Local\\Temp\\ts-node-dev-hook-345001305426317.js:71:20)\n    at Object.nodeDevHook [as .ts] (C:\\Projects\\EmpType\\node_modules\\ts-node-dev\\lib\\hook.js:63:13)\n    at Module.load (node:internal/modules/cjs/loader:981:32)\n    at Function.Module._load (node:internal/modules/cjs/loader:822:12)","timestamp":"2022-04-01T12:17:59.127Z","trace":[{"column":16,"file":"C:\\Projects\\EmpType\\src\\controllers\\UserController.ts","function":null,"line":179,"method":null,"native":false},{"column":14,"file":"node:internal/modules/cjs/loader","function":"Module._compile","line":1103,"method":"_compile","native":false},{"column":25,"file":"C:\\Projects\\EmpType\\node_modules\\source-map-support\\source-map-support.js","function":"Module._compile","line":568,"method":"_compile","native":false},{"column":33,"file":"C:\\Users\\ANTARA~1.CHO\\AppData\\Local\\Temp\\ts-node-dev-hook-345001305426317.js","function":"Module.m._compile","line":69,"method":"_compile","native":false},{"column":10,"file":"node:internal/modules/cjs/loader","function":"Module._extensions..js","line":1155,"method":".js","native":false},{"column":20,"file":"C:\\Users\\ANTARA~1.CHO\\AppData\\Local\\Temp\\ts-node-dev-hook-345001305426317.js","function":"require.extensions..jsx.require.extensions..js","line":114,"method":".js","native":false},{"column":20,"file":"C:\\Users\\ANTARA~1.CHO\\AppData\\Local\\Temp\\ts-node-dev-hook-345001305426317.js","function":"require.extensions.<computed>","line":71,"method":"<computed>","native":false},{"column":13,"file":"C:\\Projects\\EmpType\\node_modules\\ts-node-dev\\lib\\hook.js","function":"Object.nodeDevHook [as .ts]","line":63,"method":"ts]","native":false},{"column":32,"file":"node:internal/modules/cjs/loader","function":"Module.load","line":981,"method":"load","native":false},{"column":12,"file":"node:internal/modules/cjs/loader","function":"Module._load","line":822,"method":"_load","native":false}]}
error: 
    status - 500 
    message - BSONTypeError: Argument passed in must be a string of 12 bytes or a string of 24 hex characters
    at new BSONTypeError (C:\Projects\EmpType\node_modules\mongodb\node_modules\bson\src\error.ts:16:5)
    at new ObjectId (C:\Projects\EmpType\node_modules\mongodb\node_modules\bson\src\objectid.ts:86:15)
    at UserDao.<anonymous> (C:\Projects\EmpType\src\Dao\user.dao.ts:35:83)
    at Generator.next (<anonymous>)
    at C:\Projects\EmpType\src\Dao\user.dao.ts:8:71
    at new Promise (<anonymous>)
    at __awaiter (C:\Projects\EmpType\src\Dao\user.dao.ts:4:12)
    at UserDao.deleteUser (C:\Projects\EmpType\src\Dao\user.dao.ts:34:47)
    at UserService.<anonymous> (C:\Projects\EmpType\src\services\UserService.ts:40:31)
    at Generator.next (<anonymous>) 
    url - /api/v1/users/undefined 
    method - DELETE 
    IP - ::1
   {"timestamp":"2022-04-02T16:43:19.577Z"}
error: 
    status - 500 
    message - BSONTypeError: Argument passed in must be a string of 12 bytes or a string of 24 hex characters
    at new BSONTypeError (C:\Projects\EmpType\node_modules\mongodb\node_modules\bson\src\error.ts:16:5)
    at new ObjectId (C:\Projects\EmpType\node_modules\mongodb\node_modules\bson\src\objectid.ts:86:15)
    at UserDao.<anonymous> (C:\Projects\EmpType\src\Dao\user.dao.ts:35:83)
    at Generator.next (<anonymous>)
    at C:\Projects\EmpType\src\Dao\user.dao.ts:8:71
    at new Promise (<anonymous>)
    at __awaiter (C:\Projects\EmpType\src\Dao\user.dao.ts:4:12)
    at UserDao.deleteUser (C:\Projects\EmpType\src\Dao\user.dao.ts:34:47)
    at UserService.<anonymous> (C:\Projects\EmpType\src\services\UserService.ts:40:31)
    at Generator.next (<anonymous>) 
    url - /api/v1/users/[object%20Object] 
    method - DELETE 
    IP - ::1
   {"timestamp":"2022-04-02T17:15:17.716Z"}
error: 
      status - 66
      message - Plan executor error during findAndModify :: caused by :: Performing an update on the path '_id' would modify the immutable field '_id' 
      url - /api/v1/users/62488675a9c28f5fbb8642dd 
      method - PUT 
      IP - ::1
     {"timestamp":"2022-04-02T17:47:41.266Z"}
error: 
    status - 500 
    message - RangeError: Invalid status code: 66
    at new NodeError (node:internal/errors:371:5)
    at ServerResponse.writeHead (node:_http_server:274:11)
    at ServerResponse.writeHead (C:\Projects\EmpType\node_modules\on-headers\index.js:44:26)
    at ServerResponse._implicitHeader (node:_http_server:265:8)
    at write_ (node:_http_outgoing:766:9)
    at ServerResponse.end (node:_http_outgoing:855:5)
    at ServerResponse.send (C:\Projects\EmpType\node_modules\express\lib\response.js:221:10)
    at ServerResponse.json (C:\Projects\EmpType\node_modules\express\lib\response.js:267:15)
    at ErrorMiddleware.appErrorHandler (C:\Projects\EmpType\src\middlewares\ErrorMiddleware.ts:53:28)
    at Layer.handle_error (C:\Projects\EmpType\node_modules\express\lib\router\layer.js:71:5) 
    url - /api/v1/users/62488675a9c28f5fbb8642dd 
    method - PUT 
    IP - ::1
   {"timestamp":"2022-04-02T17:47:41.273Z"}
error: 
      status - 66
      message - Plan executor error during findAndModify :: caused by :: Performing an update on the path '_id' would modify the immutable field '_id' 
      url - /api/v1/users/62488675a9c28f5fbb8642dd 
      method - PUT 
      IP - ::1
     {"timestamp":"2022-04-02T17:48:43.480Z"}
error: 
    status - 500 
    message - RangeError: Invalid status code: 66
    at new NodeError (node:internal/errors:371:5)
    at ServerResponse.writeHead (node:_http_server:274:11)
    at ServerResponse.writeHead (C:\Projects\EmpType\node_modules\on-headers\index.js:44:26)
    at ServerResponse._implicitHeader (node:_http_server:265:8)
    at write_ (node:_http_outgoing:766:9)
    at ServerResponse.end (node:_http_outgoing:855:5)
    at ServerResponse.send (C:\Projects\EmpType\node_modules\express\lib\response.js:221:10)
    at ServerResponse.json (C:\Projects\EmpType\node_modules\express\lib\response.js:267:15)
    at ErrorMiddleware.appErrorHandler (C:\Projects\EmpType\src\middlewares\ErrorMiddleware.ts:53:28)
    at Layer.handle_error (C:\Projects\EmpType\node_modules\express\lib\router\layer.js:71:5) 
    url - /api/v1/users/62488675a9c28f5fbb8642dd 
    method - PUT 
    IP - ::1
   {"timestamp":"2022-04-02T17:48:43.515Z"}
error: 
      status - 66
      message - Plan executor error during findAndModify :: caused by :: Performing an update on the path '_id' would modify the immutable field '_id' 
      url - /api/v1/emps/62488675a9c28f5fbb8642dd 
      method - PUT 
      IP - ::1
     {"timestamp":"2022-04-02T18:19:38.710Z"}
error: 
    status - 500 
    message - RangeError: Invalid status code: 66
    at new NodeError (node:internal/errors:371:5)
    at ServerResponse.writeHead (node:_http_server:274:11)
    at ServerResponse.writeHead (C:\Projects\EmpType\node_modules\on-headers\index.js:44:26)
    at ServerResponse._implicitHeader (node:_http_server:265:8)
    at write_ (node:_http_outgoing:766:9)
    at ServerResponse.end (node:_http_outgoing:855:5)
    at ServerResponse.send (C:\Projects\EmpType\node_modules\express\lib\response.js:221:10)
    at ServerResponse.json (C:\Projects\EmpType\node_modules\express\lib\response.js:267:15)
    at ErrorMiddleware.appErrorHandler (C:\Projects\EmpType\src\middlewares\ErrorMiddleware.ts:53:28)
    at Layer.handle_error (C:\Projects\EmpType\node_modules\express\lib\router\layer.js:71:5) 
    url - /api/v1/emps/62488675a9c28f5fbb8642dd 
    method - PUT 
    IP - ::1
   {"timestamp":"2022-04-02T18:19:38.734Z"}
error: 
      status - 66
      message - Plan executor error during findAndModify :: caused by :: Performing an update on the path '_id' would modify the immutable field '_id' 
      url - /api/v1/emps/62488675a9c28f5fbb8642dd 
      method - PUT 
      IP - ::1
     {"timestamp":"2022-04-02T18:32:23.399Z"}
error: 
    status - 500 
    message - RangeError: Invalid status code: 66
    at new NodeError (node:internal/errors:371:5)
    at ServerResponse.writeHead (node:_http_server:274:11)
    at ServerResponse.writeHead (C:\Projects\EmpType\node_modules\on-headers\index.js:44:26)
    at ServerResponse._implicitHeader (node:_http_server:265:8)
    at write_ (node:_http_outgoing:766:9)
    at ServerResponse.end (node:_http_outgoing:855:5)
    at ServerResponse.send (C:\Projects\EmpType\node_modules\express\lib\response.js:221:10)
    at ServerResponse.json (C:\Projects\EmpType\node_modules\express\lib\response.js:267:15)
    at ErrorMiddleware.appErrorHandler (C:\Projects\EmpType\src\middlewares\ErrorMiddleware.ts:53:28)
    at Layer.handle_error (C:\Projects\EmpType\node_modules\express\lib\router\layer.js:71:5) 
    url - /api/v1/emps/62488675a9c28f5fbb8642dd 
    method - PUT 
    IP - ::1
   {"timestamp":"2022-04-02T18:32:23.403Z"}
error: 
    status - 500 
    message - undefined 
    url - /api/v1/emps/login 
    method - POST 
    IP - ::1
   {"timestamp":"2022-04-02T21:30:41.245Z"}
error: 
    status - 500 
    message - Error: Authorization token is required404
    at C:\Projects\EmpType\src\middlewares\auth.middleware.ts:22:13
    at Generator.next (<anonymous>)
    at C:\Projects\EmpType\src\middlewares\auth.middleware.ts:8:71
    at new Promise (<anonymous>)
    at __awaiter (C:\Projects\EmpType\src\middlewares\auth.middleware.ts:4:12)
    at adminAuth (C:\Projects\EmpType\src\middlewares\auth.middleware.ts:18:20)
    at Layer.handle [as handle_request] (C:\Projects\EmpType\node_modules\express\lib\router\layer.js:95:5)
    at next (C:\Projects\EmpType\node_modules\express\lib\router\route.js:137:13)
    at Route.dispatch (C:\Projects\EmpType\node_modules\express\lib\router\route.js:112:3)
    at Layer.handle [as handle_request] (C:\Projects\EmpType\node_modules\express\lib\router\layer.js:95:5) 
    url - /api/v1/dept/ 
    method - POST 
    IP - ::ffff:127.0.0.1
   {"timestamp":"2022-04-04T10:40:09.946Z"}
error: 
    status - 500 
    message - Error: Authorization token is required404
    at C:\Projects\EmpType\src\middlewares\auth.middleware.ts:22:13
    at Generator.next (<anonymous>)
    at C:\Projects\EmpType\src\middlewares\auth.middleware.ts:8:71
    at new Promise (<anonymous>)
    at __awaiter (C:\Projects\EmpType\src\middlewares\auth.middleware.ts:4:12)
    at adminAuth (C:\Projects\EmpType\src\middlewares\auth.middleware.ts:18:20)
    at Layer.handle [as handle_request] (C:\Projects\EmpType\node_modules\express\lib\router\layer.js:95:5)
    at next (C:\Projects\EmpType\node_modules\express\lib\router\route.js:137:13)
    at Route.dispatch (C:\Projects\EmpType\node_modules\express\lib\router\route.js:112:3)
    at Layer.handle [as handle_request] (C:\Projects\EmpType\node_modules\express\lib\router\layer.js:95:5) 
    url - /api/v1/dept/ 
    method - POST 
    IP - ::ffff:127.0.0.1
   {"timestamp":"2022-04-04T10:41:27.493Z"}
error: uncaughtException: joi_1.default.required(...).number is not a function
TypeError: joi_1.default.required(...).number is not a function
    at Object.<anonymous> (C:\Projects\EmpType\src\validators\DepartmentValidator.ts:21:34)
    at Module._compile (node:internal/modules/cjs/loader:1103:14)
    at Module._compile (C:\Projects\EmpType\node_modules\source-map-support\source-map-support.js:568:25)
    at Module.m._compile (C:\Users\ANTARA~1.CHO\AppData\Local\Temp\ts-node-dev-hook-06765825525676883.js:69:33)
    at Module._extensions..js (node:internal/modules/cjs/loader:1155:10)
    at require.extensions..jsx.require.extensions..js (C:\Users\ANTARA~1.CHO\AppData\Local\Temp\ts-node-dev-hook-06765825525676883.js:114:20)
    at require.extensions.<computed> (C:\Users\ANTARA~1.CHO\AppData\Local\Temp\ts-node-dev-hook-06765825525676883.js:71:20)
    at Object.nodeDevHook [as .ts] (C:\Projects\EmpType\node_modules\ts-node-dev\lib\hook.js:63:13)
    at Module.load (node:internal/modules/cjs/loader:981:32)
    at Function.Module._load (node:internal/modules/cjs/loader:822:12) {"date":"Mon Apr 04 2022 16:22:31 GMT+0530 (India Standard Time)","error":{},"exception":true,"os":{"loadavg":[0,0,0],"uptime":879818},"process":{"argv":["C:\\Program Files\\nodejs\\node.exe","./src/index.ts"],"cwd":"C:\\Projects\\EmpType","execPath":"C:\\Program Files\\nodejs\\node.exe","gid":null,"memoryUsage":{"arrayBuffers":18584034,"external":23346030,"heapTotal":37134336,"heapUsed":22805632,"rss":69775360},"pid":26704,"uid":null,"version":"v16.14.0"},"stack":"TypeError: joi_1.default.required(...).number is not a function\n    at Object.<anonymous> (C:\\Projects\\EmpType\\src\\validators\\DepartmentValidator.ts:21:34)\n    at Module._compile (node:internal/modules/cjs/loader:1103:14)\n    at Module._compile (C:\\Projects\\EmpType\\node_modules\\source-map-support\\source-map-support.js:568:25)\n    at Module.m._compile (C:\\Users\\ANTARA~1.CHO\\AppData\\Local\\Temp\\ts-node-dev-hook-06765825525676883.js:69:33)\n    at Module._extensions..js (node:internal/modules/cjs/loader:1155:10)\n    at require.extensions..jsx.require.extensions..js (C:\\Users\\ANTARA~1.CHO\\AppData\\Local\\Temp\\ts-node-dev-hook-06765825525676883.js:114:20)\n    at require.extensions.<computed> (C:\\Users\\ANTARA~1.CHO\\AppData\\Local\\Temp\\ts-node-dev-hook-06765825525676883.js:71:20)\n    at Object.nodeDevHook [as .ts] (C:\\Projects\\EmpType\\node_modules\\ts-node-dev\\lib\\hook.js:63:13)\n    at Module.load (node:internal/modules/cjs/loader:981:32)\n    at Function.Module._load (node:internal/modules/cjs/loader:822:12)","timestamp":"2022-04-04T10:52:31.826Z","trace":[{"column":34,"file":"C:\\Projects\\EmpType\\src\\validators\\DepartmentValidator.ts","function":null,"line":21,"method":null,"native":false},{"column":14,"file":"node:internal/modules/cjs/loader","function":"Module._compile","line":1103,"method":"_compile","native":false},{"column":25,"file":"C:\\Projects\\EmpType\\node_modules\\source-map-support\\source-map-support.js","function":"Module._compile","line":568,"method":"_compile","native":false},{"column":33,"file":"C:\\Users\\ANTARA~1.CHO\\AppData\\Local\\Temp\\ts-node-dev-hook-06765825525676883.js","function":"Module.m._compile","line":69,"method":"_compile","native":false},{"column":10,"file":"node:internal/modules/cjs/loader","function":"Module._extensions..js","line":1155,"method":".js","native":false},{"column":20,"file":"C:\\Users\\ANTARA~1.CHO\\AppData\\Local\\Temp\\ts-node-dev-hook-06765825525676883.js","function":"require.extensions..jsx.require.extensions..js","line":114,"method":".js","native":false},{"column":20,"file":"C:\\Users\\ANTARA~1.CHO\\AppData\\Local\\Temp\\ts-node-dev-hook-06765825525676883.js","function":"require.extensions.<computed>","line":71,"method":"<computed>","native":false},{"column":13,"file":"C:\\Projects\\EmpType\\node_modules\\ts-node-dev\\lib\\hook.js","function":"Object.nodeDevHook [as .ts]","line":63,"method":"ts]","native":false},{"column":32,"file":"node:internal/modules/cjs/loader","function":"Module.load","line":981,"method":"load","native":false},{"column":12,"file":"node:internal/modules/cjs/loader","function":"Module._load","line":822,"method":"_load","native":false}]}
error: 
    status - 500 
    message - SyntaxError: Unexpected token } in JSON at position 26
    at JSON.parse (<anonymous>)
    at parse (C:\Projects\EmpType\node_modules\body-parser\lib\types\json.js:89:19)
    at C:\Projects\EmpType\node_modules\body-parser\lib\read.js:121:18
    at invokeCallback (C:\Projects\EmpType\node_modules\raw-body\index.js:224:16)
    at done (C:\Projects\EmpType\node_modules\raw-body\index.js:213:7)
    at IncomingMessage.onEnd (C:\Projects\EmpType\node_modules\raw-body\index.js:273:7)
    at IncomingMessage.emit (node:events:532:35)
    at endReadableNT (node:internal/streams/readable:1346:12)
    at processTicksAndRejections (node:internal/process/task_queues:83:21) 
    url - /api/v1/dept/624ace873ee49b48c8994011 
    method - PUT 
    IP - ::ffff:127.0.0.1
   {"timestamp":"2022-04-04T10:56:09.213Z"}
error: 
    status - 500 
    message - Error: Authorization token is required404
    at C:\Projects\EmpType\src\middlewares\auth.middleware.ts:22:13
    at Generator.next (<anonymous>)
    at C:\Projects\EmpType\src\middlewares\auth.middleware.ts:8:71
    at new Promise (<anonymous>)
    at __awaiter (C:\Projects\EmpType\src\middlewares\auth.middleware.ts:4:12)
    at adminAuth (C:\Projects\EmpType\src\middlewares\auth.middleware.ts:18:20)
    at Layer.handle [as handle_request] (C:\Projects\EmpType\node_modules\express\lib\router\layer.js:95:5)
    at next (C:\Projects\EmpType\node_modules\express\lib\router\route.js:137:13)
    at Route.dispatch (C:\Projects\EmpType\node_modules\express\lib\router\route.js:112:3)
    at Layer.handle [as handle_request] (C:\Projects\EmpType\node_modules\express\lib\router\layer.js:95:5) 
    url - /api/v1/role 
    method - POST 
    IP - ::ffff:127.0.0.1
   {"timestamp":"2022-04-04T12:15:48.397Z"}
error: 
    status - 500 
    message - BSONTypeError: Argument passed in must be a string of 12 bytes or a string of 24 hex characters
    at new BSONTypeError (C:\Projects\EmpType\node_modules\mongodb\node_modules\bson\src\error.ts:16:5)
    at new ObjectId (C:\Projects\EmpType\node_modules\mongodb\node_modules\bson\src\objectid.ts:86:15)
    at UserDao.<anonymous> (C:\Projects\EmpType\src\Dao\Employee.Dao.ts:42:20)
    at Generator.next (<anonymous>)
    at C:\Projects\EmpType\src\Dao\Employee.Dao.ts:8:71
    at new Promise (<anonymous>)
    at __awaiter (C:\Projects\EmpType\src\Dao\Employee.Dao.ts:4:12)
    at UserDao.Update (C:\Projects\EmpType\src\Dao\Employee.Dao.ts:40:59)
    at EmployeeService.<anonymous> (C:\Projects\EmpType\src\services\EmployeeService.ts:51:31)
    at Generator.next (<anonymous>) 
    url - /api/v1/emps/undefined 
    method - PUT 
    IP - ::1
   {"timestamp":"2022-04-04T13:11:19.827Z"}
error: 
    status - 500 
    message - BSONTypeError: Argument passed in must be a string of 12 bytes or a string of 24 hex characters
    at new BSONTypeError (C:\Projects\EmpType\node_modules\mongodb\node_modules\bson\src\error.ts:16:5)
    at new ObjectId (C:\Projects\EmpType\node_modules\mongodb\node_modules\bson\src\objectid.ts:86:15)
    at UserDao.<anonymous> (C:\Projects\EmpType\src\Dao\Employee.Dao.ts:42:20)
    at Generator.next (<anonymous>)
    at C:\Projects\EmpType\src\Dao\Employee.Dao.ts:8:71
    at new Promise (<anonymous>)
    at __awaiter (C:\Projects\EmpType\src\Dao\Employee.Dao.ts:4:12)
    at UserDao.Update (C:\Projects\EmpType\src\Dao\Employee.Dao.ts:40:59)
    at EmployeeService.<anonymous> (C:\Projects\EmpType\src\services\EmployeeService.ts:51:31)
    at Generator.next (<anonymous>) 
    url - /api/v1/emps/undefined 
    method - PUT 
    IP - ::1
   {"timestamp":"2022-04-04T13:12:21.179Z"}
error: 
    status - 500 
    message - BSONTypeError: Argument passed in must be a string of 12 bytes or a string of 24 hex characters
    at new BSONTypeError (C:\Projects\EmpType\node_modules\mongodb\node_modules\bson\src\error.ts:16:5)
    at new ObjectId (C:\Projects\EmpType\node_modules\mongodb\node_modules\bson\src\objectid.ts:86:15)
    at UserDao.<anonymous> (C:\Projects\EmpType\src\Dao\Employee.Dao.ts:42:20)
    at Generator.next (<anonymous>)
    at C:\Projects\EmpType\src\Dao\Employee.Dao.ts:8:71
    at new Promise (<anonymous>)
    at __awaiter (C:\Projects\EmpType\src\Dao\Employee.Dao.ts:4:12)
    at UserDao.Update (C:\Projects\EmpType\src\Dao\Employee.Dao.ts:40:59)
    at EmployeeService.<anonymous> (C:\Projects\EmpType\src\services\EmployeeService.ts:51:31)
    at Generator.next (<anonymous>) 
    url - /api/v1/emps/undefined 
    method - PUT 
    IP - ::1
   {"timestamp":"2022-04-04T13:15:16.341Z"}
error: 
    status - 500 
    message - TypeError: Cannot read properties of null (reading 'dept_id')
    at UserDao.<anonymous> (C:\Projects\EmpType\src\Dao\Employee.Dao.ts:24:35)
    at Generator.next (<anonymous>)
    at fulfilled (C:\Projects\EmpType\src\Dao\Employee.Dao.ts:5:58)
    at processTicksAndRejections (node:internal/process/task_queues:96:5) 
    url - /api/v1/emps/ 
    method - POST 
    IP - ::ffff:127.0.0.1
   {"timestamp":"2022-04-06T10:26:12.219Z"}
error: 
    status - 500 
    message - TypeError: Cannot read properties of null (reading 'dept_id')
    at UserDao.<anonymous> (C:\Projects\EmpType\src\Dao\Employee.Dao.ts:26:35)
    at Generator.next (<anonymous>)
    at fulfilled (C:\Projects\EmpType\src\Dao\Employee.Dao.ts:5:58)
    at processTicksAndRejections (node:internal/process/task_queues:96:5) 
    url - /api/v1/emps/ 
    method - POST 
    IP - ::ffff:127.0.0.1
   {"timestamp":"2022-04-06T10:27:37.319Z"}
error: 
    status - 500 
    message - TypeError: Cannot read properties of null (reading 'dept_id')
    at UserDao.<anonymous> (C:\Projects\EmpType\src\Dao\Employee.Dao.ts:26:35)
    at Generator.next (<anonymous>)
    at fulfilled (C:\Projects\EmpType\src\Dao\Employee.Dao.ts:5:58)
    at processTicksAndRejections (node:internal/process/task_queues:96:5) 
    url - /api/v1/emps/ 
    method - POST 
    IP - ::ffff:127.0.0.1
   {"timestamp":"2022-04-06T10:28:42.604Z"}
error: 
    status - 500 
    message - TypeError: Cannot read properties of null (reading 'dept_id')
    at UserDao.<anonymous> (C:\Projects\EmpType\src\Dao\Employee.Dao.ts:27:35)
    at Generator.next (<anonymous>)
    at fulfilled (C:\Projects\EmpType\src\Dao\Employee.Dao.ts:5:58)
    at processTicksAndRejections (node:internal/process/task_queues:96:5) 
    url - /api/v1/emps/ 
    method - POST 
    IP - ::ffff:127.0.0.1
   {"timestamp":"2022-04-06T10:32:42.076Z"}
error: 
    status - 500 
    message - TypeError: Cannot read properties of null (reading 'dept_id')
    at UserDao.<anonymous> (C:\Projects\EmpType\src\Dao\Employee.Dao.ts:27:35)
    at Generator.next (<anonymous>)
    at fulfilled (C:\Projects\EmpType\src\Dao\Employee.Dao.ts:5:58)
    at processTicksAndRejections (node:internal/process/task_queues:96:5) 
    url - /api/v1/emps/ 
    method - POST 
    IP - ::ffff:127.0.0.1
   {"timestamp":"2022-04-06T10:35:00.565Z"}
error: 
    status - 500 
    message - TypeError: Cannot read properties of null (reading 'dept_id')
    at UserDao.<anonymous> (C:\Projects\EmpType\src\Dao\Employee.Dao.ts:27:35)
    at Generator.next (<anonymous>)
    at fulfilled (C:\Projects\EmpType\src\Dao\Employee.Dao.ts:5:58)
    at processTicksAndRejections (node:internal/process/task_queues:96:5) 
    url - /api/v1/emps/ 
    method - POST 
    IP - ::ffff:127.0.0.1
   {"timestamp":"2022-04-06T10:41:58.122Z"}
error: 
    status - 500 
    message - TypeError: Cannot read properties of null (reading 'dept_id')
    at UserDao.<anonymous> (C:\Projects\EmpType\src\Dao\Employee.Dao.ts:59:52)
    at Generator.next (<anonymous>)
    at fulfilled (C:\Projects\EmpType\src\Dao\Employee.Dao.ts:5:58)
    at processTicksAndRejections (node:internal/process/task_queues:96:5) 
    url - /api/v1/emps/624d94756ea4373050baa9e0 
    method - PUT 
    IP - ::ffff:127.0.0.1
   {"timestamp":"2022-04-06T13:34:45.993Z"}
error: 
    status - 500 
    message - TypeError: Cannot read properties of null (reading 'dept_id')
    at UserDao.<anonymous> (C:\Projects\EmpType\src\Dao\Employee.Dao.ts:59:52)
    at Generator.next (<anonymous>)
    at fulfilled (C:\Projects\EmpType\src\Dao\Employee.Dao.ts:5:58)
    at processTicksAndRejections (node:internal/process/task_queues:96:5) 
    url - /api/v1/emps/624d94756ea4373050baa9e0 
    method - PUT 
    IP - ::ffff:127.0.0.1
   {"timestamp":"2022-04-06T13:35:00.219Z"}
error: 
    status - 500 
    message - TypeError: Cannot read properties of undefined (reading 'dept_id')
    at UserDao.<anonymous> (C:\Projects\EmpType\src\Dao\Employee.Dao.ts:53:98)
    at Generator.next (<anonymous>)
    at C:\Projects\EmpType\src\Dao\Employee.Dao.ts:8:71
    at new Promise (<anonymous>)
    at __awaiter (C:\Projects\EmpType\src\Dao\Employee.Dao.ts:4:12)
    at UserDao.Update (C:\Projects\EmpType\src\Dao\Employee.Dao.ts:52:59)
    at EmployeeService.<anonymous> (C:\Projects\EmpType\src\services\EmployeeService.ts:51:31)
    at Generator.next (<anonymous>)
    at C:\Projects\EmpType\src\services\EmployeeService.ts:8:71
    at new Promise (<anonymous>) 
    url - /api/v1/emps/624d94756ea4373050baa9e0 
    method - PUT 
    IP - ::ffff:127.0.0.1
   {"timestamp":"2022-04-06T13:36:28.567Z"}
error: 
    status - 500 
    message - TypeError: Cannot read properties of undefined (reading 'dept_id')
    at UserDao.<anonymous> (C:\Projects\EmpType\src\Dao\Employee.Dao.ts:53:98)
    at Generator.next (<anonymous>)
    at C:\Projects\EmpType\src\Dao\Employee.Dao.ts:8:71
    at new Promise (<anonymous>)
    at __awaiter (C:\Projects\EmpType\src\Dao\Employee.Dao.ts:4:12)
    at UserDao.Update (C:\Projects\EmpType\src\Dao\Employee.Dao.ts:52:59)
    at EmployeeService.<anonymous> (C:\Projects\EmpType\src\services\EmployeeService.ts:51:31)
    at Generator.next (<anonymous>)
    at C:\Projects\EmpType\src\services\EmployeeService.ts:8:71
    at new Promise (<anonymous>) 
    url - /api/v1/emps/624d94756ea4373050baa9e0 
    method - PUT 
    IP - ::ffff:127.0.0.1
   {"timestamp":"2022-04-06T13:36:35.952Z"}
error: 
    status - 500 
    message - TypeError: Cannot read properties of undefined (reading 'dept_id')
    at UserDao.<anonymous> (C:\Projects\EmpType\src\Dao\Employee.Dao.ts:53:98)
    at Generator.next (<anonymous>)
    at C:\Projects\EmpType\src\Dao\Employee.Dao.ts:8:71
    at new Promise (<anonymous>)
    at __awaiter (C:\Projects\EmpType\src\Dao\Employee.Dao.ts:4:12)
    at UserDao.Update (C:\Projects\EmpType\src\Dao\Employee.Dao.ts:52:59)
    at EmployeeService.<anonymous> (C:\Projects\EmpType\src\services\EmployeeService.ts:51:31)
    at Generator.next (<anonymous>)
    at C:\Projects\EmpType\src\services\EmployeeService.ts:8:71
    at new Promise (<anonymous>) 
    url - /api/v1/emps/624d94756ea4373050baa9e0 
    method - PUT 
    IP - ::ffff:127.0.0.1
   {"timestamp":"2022-04-06T13:41:14.443Z"}
error: 
    status - 500 
    message - TypeError: Cannot read properties of undefined (reading 'dept_id')
    at UserDao.<anonymous> (C:\Projects\EmpType\src\Dao\Employee.Dao.ts:53:98)
    at Generator.next (<anonymous>)
    at C:\Projects\EmpType\src\Dao\Employee.Dao.ts:8:71
    at new Promise (<anonymous>)
    at __awaiter (C:\Projects\EmpType\src\Dao\Employee.Dao.ts:4:12)
    at UserDao.Update (C:\Projects\EmpType\src\Dao\Employee.Dao.ts:52:59)
    at EmployeeService.<anonymous> (C:\Projects\EmpType\src\services\EmployeeService.ts:51:31)
    at Generator.next (<anonymous>)
    at C:\Projects\EmpType\src\services\EmployeeService.ts:8:71
    at new Promise (<anonymous>) 
    url - /api/v1/emps/624d94756ea4373050baa9e0 
    method - PUT 
    IP - ::ffff:127.0.0.1
   {"timestamp":"2022-04-06T13:45:21.280Z"}
error: 
    status - 500 
    message - TypeError: Cannot read properties of undefined (reading 'dept_id')
    at UserDao.<anonymous> (C:\Projects\EmpType\src\Dao\Employee.Dao.ts:53:98)
    at Generator.next (<anonymous>)
    at C:\Projects\EmpType\src\Dao\Employee.Dao.ts:8:71
    at new Promise (<anonymous>)
    at __awaiter (C:\Projects\EmpType\src\Dao\Employee.Dao.ts:4:12)
    at UserDao.Update (C:\Projects\EmpType\src\Dao\Employee.Dao.ts:52:59)
    at EmployeeService.<anonymous> (C:\Projects\EmpType\src\services\EmployeeService.ts:51:31)
    at Generator.next (<anonymous>)
    at C:\Projects\EmpType\src\services\EmployeeService.ts:8:71
    at new Promise (<anonymous>) 
    url - /api/v1/emps/624d94756ea4373050baa9e0 
    method - PUT 
    IP - ::ffff:127.0.0.1
   {"timestamp":"2022-04-06T13:47:27.274Z"}
error: 
    status - 500 
    message - TypeError: Cannot read properties of undefined (reading 'dept_id')
    at UserDao.<anonymous> (C:\Projects\EmpType\src\Dao\Employee.Dao.ts:53:28)
    at Generator.next (<anonymous>)
    at C:\Projects\EmpType\src\Dao\Employee.Dao.ts:8:71
    at new Promise (<anonymous>)
    at __awaiter (C:\Projects\EmpType\src\Dao\Employee.Dao.ts:4:12)
    at UserDao.Update (C:\Projects\EmpType\src\Dao\Employee.Dao.ts:52:59)
    at EmployeeService.<anonymous> (C:\Projects\EmpType\src\services\EmployeeService.ts:51:31)
    at Generator.next (<anonymous>)
    at C:\Projects\EmpType\src\services\EmployeeService.ts:8:71
    at new Promise (<anonymous>) 
    url - /api/v1/emps/624d94756ea4373050baa9e0 
    method - PUT 
    IP - ::ffff:127.0.0.1
   {"timestamp":"2022-04-06T13:49:47.824Z"}
error: 
    status - 500 
    message - TypeError: Cannot read properties of undefined (reading 'dept_id')
    at UserDao.<anonymous> (C:\Projects\EmpType\src\Dao\Employee.Dao.ts:53:29)
    at Generator.next (<anonymous>)
    at C:\Projects\EmpType\src\Dao\Employee.Dao.ts:8:71
    at new Promise (<anonymous>)
    at __awaiter (C:\Projects\EmpType\src\Dao\Employee.Dao.ts:4:12)
    at UserDao.Update (C:\Projects\EmpType\src\Dao\Employee.Dao.ts:52:59)
    at EmployeeService.<anonymous> (C:\Projects\EmpType\src\services\EmployeeService.ts:51:31)
    at Generator.next (<anonymous>)
    at C:\Projects\EmpType\src\services\EmployeeService.ts:8:71
    at new Promise (<anonymous>) 
    url - /api/v1/emps/624d94756ea4373050baa9e0 
    method - PUT 
    IP - ::ffff:127.0.0.1
   {"timestamp":"2022-04-06T13:53:01.350Z"}
error: 
    status - 500 
    message - TypeError: Cannot read properties of undefined (reading 'dept_id')
    at UserDao.<anonymous> (C:\Projects\EmpType\src\Dao\Employee.Dao.ts:53:29)
    at Generator.next (<anonymous>)
    at C:\Projects\EmpType\src\Dao\Employee.Dao.ts:8:71
    at new Promise (<anonymous>)
    at __awaiter (C:\Projects\EmpType\src\Dao\Employee.Dao.ts:4:12)
    at UserDao.Update (C:\Projects\EmpType\src\Dao\Employee.Dao.ts:52:59)
    at EmployeeService.<anonymous> (C:\Projects\EmpType\src\services\EmployeeService.ts:51:31)
    at Generator.next (<anonymous>)
    at C:\Projects\EmpType\src\services\EmployeeService.ts:8:71
    at new Promise (<anonymous>) 
    url - /api/v1/emps/624d94756ea4373050baa9e0 
    method - PUT 
    IP - ::ffff:127.0.0.1
   {"timestamp":"2022-04-06T13:58:24.698Z"}
error: 
    status - 500 
    message - TypeError: Cannot read properties of undefined (reading 'dept_id')
    at UserDao.<anonymous> (C:\Projects\EmpType\src\Dao\Employee.Dao.ts:71:102)
    at Generator.next (<anonymous>)
    at C:\Projects\EmpType\src\Dao\Employee.Dao.ts:8:71
    at new Promise (<anonymous>)
    at __awaiter (C:\Projects\EmpType\src\Dao\Employee.Dao.ts:4:12)
    at UserDao.Update (C:\Projects\EmpType\src\Dao\Employee.Dao.ts:58:59)
    at EmployeeService.<anonymous> (C:\Projects\EmpType\src\services\EmployeeService.ts:51:31)
    at Generator.next (<anonymous>)
    at C:\Projects\EmpType\src\services\EmployeeService.ts:8:71
    at new Promise (<anonymous>) 
    url - /api/v1/emps/624d94756ea4373050baa9e0 
    method - PUT 
    IP - ::ffff:127.0.0.1
   {"timestamp":"2022-04-06T14:27:13.253Z"}
error: 
      status - 28
      message - Plan executor error during findAndModify :: caused by :: Cannot create field 'role_id' in element {role: "SE"} 
      url - /api/v1/emps/624d94756ea4373050baa9e0 
      method - PUT 
      IP - ::ffff:127.0.0.1
     {"timestamp":"2022-04-06T14:28:44.679Z"}
error: 
    status - 500 
    message - RangeError: Invalid status code: 28
    at new NodeError (node:internal/errors:371:5)
    at ServerResponse.writeHead (node:_http_server:274:11)
    at ServerResponse.writeHead (C:\Projects\EmpType\node_modules\on-headers\index.js:44:26)
    at ServerResponse._implicitHeader (node:_http_server:265:8)
    at write_ (node:_http_outgoing:766:9)
    at ServerResponse.end (node:_http_outgoing:855:5)
    at ServerResponse.send (C:\Projects\EmpType\node_modules\express\lib\response.js:221:10)
    at ServerResponse.json (C:\Projects\EmpType\node_modules\express\lib\response.js:267:15)
    at ErrorMiddleware.appErrorHandler (C:\Projects\EmpType\src\middlewares\ErrorMiddleware.ts:53:28)
    at Layer.handle_error (C:\Projects\EmpType\node_modules\express\lib\router\layer.js:71:5) 
    url - /api/v1/emps/624d94756ea4373050baa9e0 
    method - PUT 
    IP - ::ffff:127.0.0.1
   {"timestamp":"2022-04-06T14:28:44.694Z"}
error: 
      status - 28
      message - Plan executor error during findAndModify :: caused by :: Cannot create field 'role_id' in element {role: "SE"} 
      url - /api/v1/emps/624d94756ea4373050baa9e0 
      method - PUT 
      IP - ::ffff:127.0.0.1
     {"timestamp":"2022-04-06T14:30:25.266Z"}
error: 
    status - 500 
    message - RangeError: Invalid status code: 28
    at new NodeError (node:internal/errors:371:5)
    at ServerResponse.writeHead (node:_http_server:274:11)
    at ServerResponse.writeHead (C:\Projects\EmpType\node_modules\on-headers\index.js:44:26)
    at ServerResponse._implicitHeader (node:_http_server:265:8)
    at write_ (node:_http_outgoing:766:9)
    at ServerResponse.end (node:_http_outgoing:855:5)
    at ServerResponse.send (C:\Projects\EmpType\node_modules\express\lib\response.js:221:10)
    at ServerResponse.json (C:\Projects\EmpType\node_modules\express\lib\response.js:267:15)
    at ErrorMiddleware.appErrorHandler (C:\Projects\EmpType\src\middlewares\ErrorMiddleware.ts:53:28)
    at Layer.handle_error (C:\Projects\EmpType\node_modules\express\lib\router\layer.js:71:5) 
    url - /api/v1/emps/624d94756ea4373050baa9e0 
    method - PUT 
    IP - ::ffff:127.0.0.1
   {"timestamp":"2022-04-06T14:30:25.270Z"}
error: 
      status - 28
      message - Plan executor error during findAndModify :: caused by :: Cannot create field 'role_id' in element {role: "SE"} 
      url - /api/v1/emps/624d94756ea4373050baa9e0 
      method - PUT 
      IP - ::ffff:127.0.0.1
     {"timestamp":"2022-04-06T14:34:13.133Z"}
error: 
    status - 500 
    message - RangeError: Invalid status code: 28
    at new NodeError (node:internal/errors:371:5)
    at ServerResponse.writeHead (node:_http_server:274:11)
    at ServerResponse.writeHead (C:\Projects\EmpType\node_modules\on-headers\index.js:44:26)
    at ServerResponse._implicitHeader (node:_http_server:265:8)
    at write_ (node:_http_outgoing:766:9)
    at ServerResponse.end (node:_http_outgoing:855:5)
    at ServerResponse.send (C:\Projects\EmpType\node_modules\express\lib\response.js:221:10)
    at ServerResponse.json (C:\Projects\EmpType\node_modules\express\lib\response.js:267:15)
    at ErrorMiddleware.appErrorHandler (C:\Projects\EmpType\src\middlewares\ErrorMiddleware.ts:53:28)
    at Layer.handle_error (C:\Projects\EmpType\node_modules\express\lib\router\layer.js:71:5) 
    url - /api/v1/emps/624d94756ea4373050baa9e0 
    method - PUT 
    IP - ::ffff:127.0.0.1
   {"timestamp":"2022-04-06T14:34:13.147Z"}
