{"C:\\Projects\\EmpType\\src\\DTO\\ResponseType.dto.ts": {"path":"C:\\Projects\\EmpType\\src\\DTO\\ResponseType.dto.ts","statementMap":{"0":{"start":{"line":8,"column":0},"end":{"line":8,"column":28}}},"fnMap":{},"branchMap":{},"s":{"0":6},"f":{},"b":{}}
,"C:\\Projects\\EmpType\\src\\Dao\\Department.Dao.ts": {"path":"C:\\Projects\\EmpType\\src\\Dao\\Department.Dao.ts","statementMap":{"0":{"start":{"line":1,"column":0},"end":{"line":1,"column":35}},"1":{"start":{"line":2,"column":0},"end":{"line":2,"column":40}},"2":{"start":{"line":4,"column":23},"end":{"line":4,"column":36}},"3":{"start":{"line":14,"column":11},"end":{"line":21,"column":null}},"4":{"start":{"line":14,"column":56},"end":{"line":21,"column":null}},"5":{"start":{"line":15,"column":19},"end":{"line":18,"column":null}},"6":{"start":{"line":20,"column":8},"end":{"line":20,"column":76}},"7":{"start":{"line":23,"column":11},"end":{"line":28,"column":null}},"8":{"start":{"line":23,"column":36},"end":{"line":28,"column":null}},"9":{"start":{"line":24,"column":17},"end":{"line":24,"column":20}},"10":{"start":{"line":25,"column":19},"end":{"line":25,"column":35}},"11":{"start":{"line":26,"column":8},"end":{"line":26,"column":82}},"12":{"start":{"line":30,"column":11},"end":{"line":33,"column":null}},"13":{"start":{"line":30,"column":41},"end":{"line":33,"column":null}},"14":{"start":{"line":31,"column":23},"end":{"line":31,"column":73}},"15":{"start":{"line":32,"column":8},"end":{"line":32,"column":32}},"16":{"start":{"line":35,"column":11},"end":{"line":38,"column":null}},"17":{"start":{"line":35,"column":52},"end":{"line":38,"column":null}},"18":{"start":{"line":36,"column":21},"end":{"line":36,"column":108}},"19":{"start":{"line":37,"column":8},"end":{"line":37,"column":22}},"20":{"start":{"line":40,"column":11},"end":{"line":50,"column":null}},"21":{"start":{"line":40,"column":70},"end":{"line":50,"column":null}},"22":{"start":{"line":41,"column":8},"end":{"line":49,"column":null}},"23":{"start":{"line":13,"column":0},"end":{"line":13,"column":13}}},"fnMap":{"0":{"name":"(anonymous_7)","decl":{"start":{"line":13,"column":0},"end":{"line":13,"column":13}},"loc":{"start":{"line":13,"column":0},"end":{"line":51,"column":1}}},"1":{"name":"(anonymous_8)","decl":{"start":{"line":14,"column":28},"end":{"line":14,"column":35}},"loc":{"start":{"line":14,"column":56},"end":{"line":21,"column":null}}},"2":{"name":"(anonymous_9)","decl":{"start":{"line":14,"column":56},"end":{"line":14,"column":null}},"loc":{"start":{"line":14,"column":56},"end":{"line":21,"column":5}}},"3":{"name":"(anonymous_10)","decl":{"start":{"line":23,"column":22},"end":{"line":23,"column":29}},"loc":{"start":{"line":23,"column":36},"end":{"line":28,"column":null}}},"4":{"name":"(anonymous_11)","decl":{"start":{"line":23,"column":36},"end":{"line":23,"column":null}},"loc":{"start":{"line":23,"column":36},"end":{"line":28,"column":5}}},"5":{"name":"(anonymous_12)","decl":{"start":{"line":30,"column":30},"end":{"line":30,"column":39}},"loc":{"start":{"line":30,"column":41},"end":{"line":33,"column":null}}},"6":{"name":"(anonymous_13)","decl":{"start":{"line":30,"column":41},"end":{"line":30,"column":null}},"loc":{"start":{"line":30,"column":41},"end":{"line":33,"column":5}}},"7":{"name":"(anonymous_14)","decl":{"start":{"line":35,"column":30},"end":{"line":35,"column":37}},"loc":{"start":{"line":35,"column":52},"end":{"line":38,"column":null}}},"8":{"name":"(anonymous_15)","decl":{"start":{"line":35,"column":52},"end":{"line":35,"column":null}},"loc":{"start":{"line":35,"column":52},"end":{"line":38,"column":5}}},"9":{"name":"(anonymous_16)","decl":{"start":{"line":40,"column":30},"end":{"line":40,"column":37}},"loc":{"start":{"line":40,"column":70},"end":{"line":50,"column":null}}},"10":{"name":"(anonymous_17)","decl":{"start":{"line":40,"column":70},"end":{"line":40,"column":null}},"loc":{"start":{"line":40,"column":70},"end":{"line":50,"column":5}}}},"branchMap":{},"s":{"0":3,"1":3,"2":3,"3":16,"4":1,"5":1,"6":1,"7":16,"8":1,"9":1,"10":1,"11":1,"12":16,"13":1,"14":1,"15":1,"16":16,"17":2,"18":2,"19":2,"20":16,"21":1,"22":1,"23":3},"f":{"0":16,"1":1,"2":1,"3":1,"4":1,"5":1,"6":1,"7":2,"8":2,"9":1,"10":1},"b":{}}
,"C:\\Projects\\EmpType\\src\\Dao\\Employee.Dao.ts": {"path":"C:\\Projects\\EmpType\\src\\Dao\\Employee.Dao.ts","statementMap":{"0":{"start":{"line":1,"column":0},"end":{"line":1,"column":35}},"1":{"start":{"line":2,"column":0},"end":{"line":2,"column":40}},"2":{"start":{"line":6,"column":0},"end":{"line":6,"column":28}},"3":{"start":{"line":7,"column":0},"end":{"line":7,"column":31}},"4":{"start":{"line":8,"column":0},"end":{"line":8,"column":38}},"5":{"start":{"line":10,"column":23},"end":{"line":10,"column":30}},"6":{"start":{"line":11,"column":16},"end":{"line":11,"column":29}},"7":{"start":{"line":12,"column":16},"end":{"line":12,"column":22}},"8":{"start":{"line":24,"column":11},"end":{"line":52,"column":null}},"9":{"start":{"line":24,"column":60},"end":{"line":52,"column":null}},"10":{"start":{"line":25,"column":23},"end":{"line":25,"column":113}},"11":{"start":{"line":26,"column":23},"end":{"line":26,"column":101}},"12":{"start":{"line":27,"column":31},"end":{"line":27,"column":67}},"13":{"start":{"line":29,"column":22},"end":{"line":48,"column":null}},"14":{"start":{"line":50,"column":8},"end":{"line":50,"column":74}},"15":{"start":{"line":63,"column":11},"end":{"line":66,"column":null}},"16":{"start":{"line":63,"column":44},"end":{"line":66,"column":null}},"17":{"start":{"line":64,"column":8},"end":{"line":64,"column":93}},"18":{"start":{"line":68,"column":11},"end":{"line":71,"column":null}},"19":{"start":{"line":68,"column":35},"end":{"line":71,"column":null}},"20":{"start":{"line":69,"column":23},"end":{"line":69,"column":88}},"21":{"start":{"line":70,"column":8},"end":{"line":70,"column":32}},"22":{"start":{"line":73,"column":11},"end":{"line":84,"column":null}},"23":{"start":{"line":73,"column":46},"end":{"line":84,"column":null}},"24":{"start":{"line":74,"column":23},"end":{"line":74,"column":100}},"25":{"start":{"line":75,"column":8},"end":{"line":83,"column":10}},"26":{"start":{"line":87,"column":11},"end":{"line":148,"column":null}},"27":{"start":{"line":87,"column":58},"end":{"line":148,"column":null}},"28":{"start":{"line":88,"column":8},"end":{"line":147,"column":null}},"29":{"start":{"line":89,"column":12},"end":{"line":97,"column":null}},"30":{"start":{"line":100,"column":13},"end":{"line":147,"column":null}},"31":{"start":{"line":101,"column":27},"end":{"line":101,"column":117}},"32":{"start":{"line":102,"column":12},"end":{"line":113,"column":null}},"33":{"start":{"line":115,"column":13},"end":{"line":147,"column":null}},"34":{"start":{"line":116,"column":27},"end":{"line":116,"column":105}},"35":{"start":{"line":117,"column":12},"end":{"line":128,"column":null}},"36":{"start":{"line":131,"column":24},"end":{"line":131,"column":102}},"37":{"start":{"line":132,"column":24},"end":{"line":132,"column":114}},"38":{"start":{"line":133,"column":12},"end":{"line":146,"column":null}},"39":{"start":{"line":150,"column":11},"end":{"line":154,"column":6}},"40":{"start":{"line":150,"column":51},"end":{"line":154,"column":6}},"41":{"start":{"line":151,"column":31},"end":{"line":151,"column":67}},"42":{"start":{"line":152,"column":8},"end":{"line":152,"column":39}},"43":{"start":{"line":153,"column":8},"end":{"line":153,"column":71}},"44":{"start":{"line":156,"column":11},"end":{"line":184,"column":null}},"45":{"start":{"line":156,"column":47},"end":{"line":184,"column":null}},"46":{"start":{"line":157,"column":19},"end":{"line":157,"column":58}},"47":{"start":{"line":158,"column":25},"end":{"line":160,"column":10}},"48":{"start":{"line":161,"column":8},"end":{"line":183,"column":null}},"49":{"start":{"line":162,"column":34},"end":{"line":162,"column":88}},"50":{"start":{"line":163,"column":12},"end":{"line":179,"column":null}},"51":{"start":{"line":164,"column":34},"end":{"line":164,"column":42}},"52":{"start":{"line":165,"column":32},"end":{"line":165,"column":106}},"53":{"start":{"line":166,"column":30},"end":{"line":166,"column":58}},"54":{"start":{"line":167,"column":16},"end":{"line":167,"column":60}},"55":{"start":{"line":168,"column":16},"end":{"line":175,"column":19}},"56":{"start":{"line":178,"column":16},"end":{"line":178,"column":null}},"57":{"start":{"line":182,"column":12},"end":{"line":182,"column":null}},"58":{"start":{"line":23,"column":0},"end":{"line":23,"column":13}}},"fnMap":{"0":{"name":"(anonymous_8)","decl":{"start":{"line":23,"column":0},"end":{"line":23,"column":13}},"loc":{"start":{"line":23,"column":0},"end":{"line":186,"column":1}}},"1":{"name":"(anonymous_9)","decl":{"start":{"line":24,"column":22},"end":{"line":24,"column":29}},"loc":{"start":{"line":24,"column":60},"end":{"line":52,"column":null}}},"2":{"name":"(anonymous_10)","decl":{"start":{"line":24,"column":60},"end":{"line":24,"column":null}},"loc":{"start":{"line":24,"column":60},"end":{"line":52,"column":5}}},"3":{"name":"(anonymous_11)","decl":{"start":{"line":63,"column":22},"end":{"line":63,"column":29}},"loc":{"start":{"line":63,"column":44},"end":{"line":66,"column":null}}},"4":{"name":"(anonymous_12)","decl":{"start":{"line":63,"column":44},"end":{"line":63,"column":null}},"loc":{"start":{"line":63,"column":44},"end":{"line":66,"column":5}}},"5":{"name":"(anonymous_13)","decl":{"start":{"line":68,"column":24},"end":{"line":68,"column":33}},"loc":{"start":{"line":68,"column":35},"end":{"line":71,"column":null}}},"6":{"name":"(anonymous_14)","decl":{"start":{"line":68,"column":35},"end":{"line":68,"column":null}},"loc":{"start":{"line":68,"column":35},"end":{"line":71,"column":5}}},"7":{"name":"(anonymous_15)","decl":{"start":{"line":73,"column":24},"end":{"line":73,"column":31}},"loc":{"start":{"line":73,"column":46},"end":{"line":84,"column":null}}},"8":{"name":"(anonymous_16)","decl":{"start":{"line":73,"column":46},"end":{"line":73,"column":null}},"loc":{"start":{"line":73,"column":46},"end":{"line":84,"column":5}}},"9":{"name":"(anonymous_17)","decl":{"start":{"line":87,"column":20},"end":{"line":87,"column":27}},"loc":{"start":{"line":87,"column":58},"end":{"line":148,"column":null}}},"10":{"name":"(anonymous_18)","decl":{"start":{"line":87,"column":58},"end":{"line":87,"column":null}},"loc":{"start":{"line":87,"column":58},"end":{"line":148,"column":5}}},"11":{"name":"(anonymous_19)","decl":{"start":{"line":150,"column":26},"end":{"line":150,"column":33}},"loc":{"start":{"line":150,"column":51},"end":{"line":154,"column":6}}},"12":{"name":"(anonymous_20)","decl":{"start":{"line":150,"column":51},"end":{"line":150,"column":null}},"loc":{"start":{"line":150,"column":51},"end":{"line":154,"column":5}}},"13":{"name":"(anonymous_21)","decl":{"start":{"line":156,"column":22},"end":{"line":156,"column":29}},"loc":{"start":{"line":156,"column":47},"end":{"line":184,"column":null}}},"14":{"name":"(anonymous_22)","decl":{"start":{"line":156,"column":47},"end":{"line":156,"column":null}},"loc":{"start":{"line":156,"column":47},"end":{"line":184,"column":5}}}},"branchMap":{"0":{"loc":{"start":{"line":88,"column":8},"end":{"line":147,"column":null}},"type":"if","locations":[{"start":{"line":88,"column":8},"end":{"line":147,"column":null}},{"start":{"line":100,"column":13},"end":{"line":147,"column":null}}]},"1":{"loc":{"start":{"line":88,"column":12},"end":{"line":88,"column":42}},"type":"binary-expr","locations":[{"start":{"line":88,"column":12},"end":{"line":88,"column":28}},{"start":{"line":88,"column":32},"end":{"line":88,"column":42}}]},"2":{"loc":{"start":{"line":100,"column":13},"end":{"line":147,"column":null}},"type":"if","locations":[{"start":{"line":100,"column":13},"end":{"line":147,"column":null}},{"start":{"line":115,"column":13},"end":{"line":147,"column":null}}]},"3":{"loc":{"start":{"line":100,"column":17},"end":{"line":100,"column":46}},"type":"binary-expr","locations":[{"start":{"line":100,"column":17},"end":{"line":100,"column":27}},{"start":{"line":100,"column":31},"end":{"line":100,"column":46}}]},"4":{"loc":{"start":{"line":115,"column":13},"end":{"line":147,"column":null}},"type":"if","locations":[{"start":{"line":115,"column":13},"end":{"line":147,"column":null}},{"start":{"line":130,"column":13},"end":{"line":147,"column":null}}]},"5":{"loc":{"start":{"line":115,"column":17},"end":{"line":115,"column":46}},"type":"binary-expr","locations":[{"start":{"line":115,"column":17},"end":{"line":115,"column":33}},{"start":{"line":115,"column":37},"end":{"line":115,"column":46}}]},"6":{"loc":{"start":{"line":161,"column":8},"end":{"line":183,"column":null}},"type":"if","locations":[{"start":{"line":161,"column":8},"end":{"line":183,"column":null}},{"start":{"line":181,"column":13},"end":{"line":183,"column":null}}]},"7":{"loc":{"start":{"line":163,"column":12},"end":{"line":179,"column":null}},"type":"if","locations":[{"start":{"line":163,"column":12},"end":{"line":179,"column":null}},{"start":{"line":177,"column":17},"end":{"line":179,"column":null}}]}},"s":{"0":3,"1":3,"2":3,"3":3,"4":3,"5":3,"6":3,"7":3,"8":17,"9":1,"10":1,"11":1,"12":1,"13":1,"14":1,"15":17,"16":1,"17":1,"18":17,"19":1,"20":1,"21":1,"22":17,"23":2,"24":2,"25":2,"26":17,"27":1,"28":1,"29":1,"30":0,"31":0,"32":0,"33":0,"34":0,"35":0,"36":0,"37":0,"38":0,"39":17,"40":0,"41":0,"42":0,"43":0,"44":17,"45":0,"46":0,"47":0,"48":0,"49":0,"50":0,"51":0,"52":0,"53":0,"54":0,"55":0,"56":0,"57":0,"58":3},"f":{"0":17,"1":1,"2":1,"3":1,"4":1,"5":1,"6":1,"7":2,"8":2,"9":1,"10":1,"11":0,"12":0,"13":0,"14":0},"b":{"0":[1,0],"1":[1,1],"2":[0,0],"3":[0,0],"4":[0,0],"5":[0,0],"6":[0,0],"7":[0,0]}}
,"C:\\Projects\\EmpType\\src\\Dao\\Role.Dao.ts": {"path":"C:\\Projects\\EmpType\\src\\Dao\\Role.Dao.ts","statementMap":{"0":{"start":{"line":1,"column":0},"end":{"line":1,"column":35}},"1":{"start":{"line":2,"column":0},"end":{"line":2,"column":40}},"2":{"start":{"line":4,"column":23},"end":{"line":4,"column":29}},"3":{"start":{"line":14,"column":11},"end":{"line":21,"column":null}},"4":{"start":{"line":14,"column":43},"end":{"line":21,"column":null}},"5":{"start":{"line":15,"column":19},"end":{"line":18,"column":null}},"6":{"start":{"line":20,"column":8},"end":{"line":20,"column":70}},"7":{"start":{"line":23,"column":11},"end":{"line":26,"column":null}},"8":{"start":{"line":23,"column":44},"end":{"line":26,"column":null}},"9":{"start":{"line":24,"column":8},"end":{"line":24,"column":89}},"10":{"start":{"line":28,"column":11},"end":{"line":31,"column":null}},"11":{"start":{"line":28,"column":35},"end":{"line":31,"column":null}},"12":{"start":{"line":29,"column":23},"end":{"line":29,"column":67}},"13":{"start":{"line":30,"column":8},"end":{"line":30,"column":32}},"14":{"start":{"line":33,"column":11},"end":{"line":37,"column":null}},"15":{"start":{"line":33,"column":46},"end":{"line":37,"column":null}},"16":{"start":{"line":34,"column":21},"end":{"line":34,"column":102}},"17":{"start":{"line":35,"column":8},"end":{"line":35,"column":28}},"18":{"start":{"line":36,"column":8},"end":{"line":36,"column":22}},"19":{"start":{"line":39,"column":11},"end":{"line":49,"column":null}},"20":{"start":{"line":39,"column":59},"end":{"line":49,"column":null}},"21":{"start":{"line":40,"column":8},"end":{"line":48,"column":null}},"22":{"start":{"line":13,"column":0},"end":{"line":13,"column":13}}},"fnMap":{"0":{"name":"(anonymous_7)","decl":{"start":{"line":13,"column":0},"end":{"line":13,"column":13}},"loc":{"start":{"line":13,"column":0},"end":{"line":50,"column":1}}},"1":{"name":"(anonymous_8)","decl":{"start":{"line":14,"column":22},"end":{"line":14,"column":29}},"loc":{"start":{"line":14,"column":43},"end":{"line":21,"column":null}}},"2":{"name":"(anonymous_9)","decl":{"start":{"line":14,"column":43},"end":{"line":14,"column":null}},"loc":{"start":{"line":14,"column":43},"end":{"line":21,"column":5}}},"3":{"name":"(anonymous_10)","decl":{"start":{"line":23,"column":22},"end":{"line":23,"column":29}},"loc":{"start":{"line":23,"column":44},"end":{"line":26,"column":null}}},"4":{"name":"(anonymous_11)","decl":{"start":{"line":23,"column":44},"end":{"line":23,"column":null}},"loc":{"start":{"line":23,"column":44},"end":{"line":26,"column":5}}},"5":{"name":"(anonymous_12)","decl":{"start":{"line":28,"column":24},"end":{"line":28,"column":33}},"loc":{"start":{"line":28,"column":35},"end":{"line":31,"column":null}}},"6":{"name":"(anonymous_13)","decl":{"start":{"line":28,"column":35},"end":{"line":28,"column":null}},"loc":{"start":{"line":28,"column":35},"end":{"line":31,"column":5}}},"7":{"name":"(anonymous_14)","decl":{"start":{"line":33,"column":24},"end":{"line":33,"column":31}},"loc":{"start":{"line":33,"column":46},"end":{"line":37,"column":null}}},"8":{"name":"(anonymous_15)","decl":{"start":{"line":33,"column":46},"end":{"line":33,"column":null}},"loc":{"start":{"line":33,"column":46},"end":{"line":37,"column":5}}},"9":{"name":"(anonymous_16)","decl":{"start":{"line":39,"column":24},"end":{"line":39,"column":31}},"loc":{"start":{"line":39,"column":59},"end":{"line":49,"column":null}}},"10":{"name":"(anonymous_17)","decl":{"start":{"line":39,"column":59},"end":{"line":39,"column":null}},"loc":{"start":{"line":39,"column":59},"end":{"line":49,"column":5}}}},"branchMap":{},"s":{"0":3,"1":3,"2":3,"3":16,"4":1,"5":1,"6":1,"7":16,"8":1,"9":1,"10":16,"11":1,"12":1,"13":1,"14":16,"15":2,"16":2,"17":2,"18":2,"19":16,"20":1,"21":1,"22":3},"f":{"0":16,"1":1,"2":1,"3":1,"4":1,"5":1,"6":1,"7":2,"8":2,"9":1,"10":1},"b":{}}
,"C:\\Projects\\EmpType\\src\\config\\database.ts": {"path":"C:\\Projects\\EmpType\\src\\config\\database.ts","statementMap":{"0":{"start":{"line":1,"column":0},"end":{"line":1,"column":41}},"1":{"start":{"line":2,"column":0},"end":{"line":2,"column":30}},"2":{"start":{"line":5,"column":10},"end":{"line":5,"column":99}},"3":{"start":{"line":10,"column":13},"end":{"line":10,"column":22}},"4":{"start":{"line":13,"column":13},"end":{"line":13,"column":33}},"5":{"start":{"line":17,"column":23},"end":{"line":22,"column":null}},"6":{"start":{"line":17,"column":59},"end":{"line":22,"column":null}},"7":{"start":{"line":18,"column":15},"end":{"line":18,"column":37}},"8":{"start":{"line":19,"column":2},"end":{"line":19,"column":30}},"9":{"start":{"line":20,"column":2},"end":{"line":20,"column":51}},"10":{"start":{"line":21,"column":2},"end":{"line":21,"column":null}},"11":{"start":{"line":17,"column":13},"end":{"line":17,"column":23}}},"fnMap":{"0":{"name":"(anonymous_8)","decl":{"start":{"line":17,"column":23},"end":{"line":17,"column":30}},"loc":{"start":{"line":17,"column":59},"end":{"line":22,"column":null}}},"1":{"name":"(anonymous_9)","decl":{"start":{"line":17,"column":59},"end":{"line":17,"column":null}},"loc":{"start":{"line":17,"column":59},"end":{"line":22,"column":1}}}},"branchMap":{"0":{"loc":{"start":{"line":17,"column":30},"end":{"line":17,"column":56}},"type":"default-arg","locations":[{"start":{"line":17,"column":50},"end":{"line":17,"column":56}}]}},"s":{"0":9,"1":9,"2":9,"3":9,"4":9,"5":9,"6":3,"7":3,"8":3,"9":3,"10":3,"11":9},"f":{"0":3,"1":3},"b":{"0":[0]}}
,"C:\\Projects\\EmpType\\src\\config\\logger.ts": {"path":"C:\\Projects\\EmpType\\src\\config\\logger.ts","statementMap":{"0":{"start":{"line":1,"column":0},"end":{"line":1,"column":42}},"1":{"start":{"line":2,"column":0},"end":{"line":2,"column":35}},"2":{"start":{"line":8,"column":9},"end":{"line":33,"column":5}},"3":{"start":{"line":35,"column":9},"end":{"line":68,"column":4}},"4":{"start":{"line":45,"column":27},"end":{"line":65,"column":8}},"5":{"start":{"line":66,"column":6},"end":{"line":66,"column":44}},"6":{"start":{"line":71,"column":0},"end":{"line":71,"column":22}}},"fnMap":{"0":{"name":"(anonymous_6)","decl":{"start":{"line":41,"column":4},"end":{"line":41,"column":9}},"loc":{"start":{"line":41,"column":17},"end":{"line":67,"column":5}}}},"branchMap":{},"s":{"0":9,"1":9,"2":9,"3":9,"4":0,"5":0,"6":9},"f":{"0":0},"b":{}}
,"C:\\Projects\\EmpType\\src\\controllers\\DepartmentController.ts": {"path":"C:\\Projects\\EmpType\\src\\controllers\\DepartmentController.ts","statementMap":{"0":{"start":{"line":1,"column":0},"end":{"line":1,"column":43}},"1":{"start":{"line":4,"column":0},"end":{"line":4,"column":62}},"2":{"start":{"line":19,"column":10},"end":{"line":34,"column":4}},"3":{"start":{"line":23,"column":20},"end":{"line":34,"column":4}},"4":{"start":{"line":24,"column":4},"end":{"line":33,"column":null}},"5":{"start":{"line":25,"column":35},"end":{"line":25,"column":81}},"6":{"start":{"line":26,"column":6},"end":{"line":30,"column":9}},"7":{"start":{"line":32,"column":6},"end":{"line":32,"column":18}},"8":{"start":{"line":43,"column":9},"end":{"line":58,"column":4}},"9":{"start":{"line":47,"column":20},"end":{"line":58,"column":4}},"10":{"start":{"line":48,"column":4},"end":{"line":57,"column":null}},"11":{"start":{"line":49,"column":32},"end":{"line":49,"column":74}},"12":{"start":{"line":50,"column":6},"end":{"line":54,"column":9}},"13":{"start":{"line":56,"column":6},"end":{"line":56,"column":18}},"14":{"start":{"line":66,"column":9},"end":{"line":81,"column":4}},"15":{"start":{"line":70,"column":20},"end":{"line":81,"column":4}},"16":{"start":{"line":71,"column":4},"end":{"line":80,"column":null}},"17":{"start":{"line":72,"column":32},"end":{"line":72,"column":84}},"18":{"start":{"line":73,"column":6},"end":{"line":77,"column":9}},"19":{"start":{"line":79,"column":6},"end":{"line":79,"column":18}},"20":{"start":{"line":89,"column":10},"end":{"line":104,"column":4}},"21":{"start":{"line":93,"column":20},"end":{"line":104,"column":4}},"22":{"start":{"line":94,"column":4},"end":{"line":103,"column":null}},"23":{"start":{"line":95,"column":32},"end":{"line":95,"column":87}},"24":{"start":{"line":96,"column":6},"end":{"line":100,"column":9}},"25":{"start":{"line":102,"column":6},"end":{"line":102,"column":18}},"26":{"start":{"line":112,"column":10},"end":{"line":127,"column":4}},"27":{"start":{"line":116,"column":20},"end":{"line":127,"column":4}},"28":{"start":{"line":117,"column":4},"end":{"line":126,"column":null}},"29":{"start":{"line":118,"column":19},"end":{"line":118,"column":84}},"30":{"start":{"line":119,"column":6},"end":{"line":123,"column":9}},"31":{"start":{"line":125,"column":6},"end":{"line":125,"column":18}},"32":{"start":{"line":10,"column":4},"end":{"line":10,"column":88}},"33":{"start":{"line":130,"column":0},"end":{"line":130,"column":36}}},"fnMap":{"0":{"name":"(anonymous_8)","decl":{"start":{"line":9,"column":2},"end":{"line":9,"column":15}},"loc":{"start":{"line":9,"column":51},"end":{"line":11,"column":1}}},"1":{"name":"(anonymous_9)","decl":{"start":{"line":19,"column":20},"end":{"line":19,"column":null}},"loc":{"start":{"line":23,"column":20},"end":{"line":34,"column":4}}},"2":{"name":"(anonymous_10)","decl":{"start":{"line":23,"column":20},"end":{"line":23,"column":null}},"loc":{"start":{"line":23,"column":20},"end":{"line":34,"column":3}}},"3":{"name":"(anonymous_11)","decl":{"start":{"line":43,"column":23},"end":{"line":43,"column":null}},"loc":{"start":{"line":47,"column":20},"end":{"line":58,"column":4}}},"4":{"name":"(anonymous_12)","decl":{"start":{"line":47,"column":20},"end":{"line":47,"column":null}},"loc":{"start":{"line":47,"column":20},"end":{"line":58,"column":3}}},"5":{"name":"(anonymous_13)","decl":{"start":{"line":66,"column":19},"end":{"line":66,"column":null}},"loc":{"start":{"line":70,"column":20},"end":{"line":81,"column":4}}},"6":{"name":"(anonymous_14)","decl":{"start":{"line":70,"column":20},"end":{"line":70,"column":null}},"loc":{"start":{"line":70,"column":20},"end":{"line":81,"column":3}}},"7":{"name":"(anonymous_15)","decl":{"start":{"line":89,"column":23},"end":{"line":89,"column":null}},"loc":{"start":{"line":93,"column":20},"end":{"line":104,"column":4}}},"8":{"name":"(anonymous_16)","decl":{"start":{"line":93,"column":20},"end":{"line":93,"column":null}},"loc":{"start":{"line":93,"column":20},"end":{"line":104,"column":3}}},"9":{"name":"(anonymous_17)","decl":{"start":{"line":112,"column":23},"end":{"line":112,"column":null}},"loc":{"start":{"line":116,"column":20},"end":{"line":127,"column":4}}},"10":{"name":"(anonymous_18)","decl":{"start":{"line":116,"column":20},"end":{"line":116,"column":null}},"loc":{"start":{"line":116,"column":20},"end":{"line":127,"column":3}}}},"branchMap":{"0":{"loc":{"start":{"line":10,"column":27},"end":{"line":10,"column":87}},"type":"cond-expr","locations":[{"start":{"line":10,"column":45},"end":{"line":10,"column":62}},{"start":{"line":10,"column":64},"end":{"line":10,"column":87}}]}},"s":{"0":1,"1":1,"2":5,"3":1,"4":1,"5":1,"6":1,"7":1,"8":5,"9":1,"10":1,"11":1,"12":1,"13":1,"14":5,"15":1,"16":1,"17":1,"18":1,"19":1,"20":5,"21":1,"22":1,"23":1,"24":1,"25":1,"26":5,"27":1,"28":1,"29":1,"30":1,"31":1,"32":5,"33":1},"f":{"0":5,"1":1,"2":1,"3":1,"4":1,"5":1,"6":1,"7":1,"8":1,"9":1,"10":1},"b":{"0":[5,0]}}
,"C:\\Projects\\EmpType\\src\\controllers\\EmployeeController.ts": {"path":"C:\\Projects\\EmpType\\src\\controllers\\EmployeeController.ts","statementMap":{"0":{"start":{"line":2,"column":0},"end":{"line":2,"column":43}},"1":{"start":{"line":3,"column":0},"end":{"line":3,"column":58}},"2":{"start":{"line":20,"column":10},"end":{"line":35,"column":4}},"3":{"start":{"line":24,"column":20},"end":{"line":35,"column":4}},"4":{"start":{"line":25,"column":4},"end":{"line":34,"column":null}},"5":{"start":{"line":26,"column":35},"end":{"line":26,"column":87}},"6":{"start":{"line":27,"column":6},"end":{"line":31,"column":9}},"7":{"start":{"line":33,"column":6},"end":{"line":33,"column":18}},"8":{"start":{"line":45,"column":9},"end":{"line":60,"column":4}},"9":{"start":{"line":49,"column":20},"end":{"line":60,"column":4}},"10":{"start":{"line":50,"column":4},"end":{"line":59,"column":null}},"11":{"start":{"line":51,"column":32},"end":{"line":51,"column":71}},"12":{"start":{"line":52,"column":6},"end":{"line":56,"column":9}},"13":{"start":{"line":58,"column":6},"end":{"line":58,"column":18}},"14":{"start":{"line":68,"column":9},"end":{"line":83,"column":4}},"15":{"start":{"line":72,"column":20},"end":{"line":83,"column":4}},"16":{"start":{"line":73,"column":4},"end":{"line":82,"column":null}},"17":{"start":{"line":74,"column":32},"end":{"line":74,"column":81}},"18":{"start":{"line":75,"column":6},"end":{"line":79,"column":9}},"19":{"start":{"line":81,"column":6},"end":{"line":81,"column":18}},"20":{"start":{"line":91,"column":10},"end":{"line":106,"column":4}},"21":{"start":{"line":95,"column":20},"end":{"line":106,"column":4}},"22":{"start":{"line":96,"column":4},"end":{"line":105,"column":null}},"23":{"start":{"line":97,"column":32},"end":{"line":97,"column":84}},"24":{"start":{"line":98,"column":6},"end":{"line":102,"column":9}},"25":{"start":{"line":104,"column":6},"end":{"line":104,"column":18}},"26":{"start":{"line":114,"column":10},"end":{"line":129,"column":4}},"27":{"start":{"line":118,"column":20},"end":{"line":129,"column":4}},"28":{"start":{"line":119,"column":4},"end":{"line":128,"column":null}},"29":{"start":{"line":120,"column":19},"end":{"line":120,"column":81}},"30":{"start":{"line":121,"column":6},"end":{"line":125,"column":9}},"31":{"start":{"line":127,"column":6},"end":{"line":127,"column":18}},"32":{"start":{"line":137,"column":10},"end":{"line":152,"column":4}},"33":{"start":{"line":141,"column":20},"end":{"line":152,"column":4}},"34":{"start":{"line":142,"column":4},"end":{"line":151,"column":null}},"35":{"start":{"line":143,"column":32},"end":{"line":143,"column":81}},"36":{"start":{"line":144,"column":6},"end":{"line":148,"column":9}},"37":{"start":{"line":150,"column":6},"end":{"line":150,"column":18}},"38":{"start":{"line":161,"column":10},"end":{"line":176,"column":4}},"39":{"start":{"line":165,"column":20},"end":{"line":176,"column":4}},"40":{"start":{"line":166,"column":4},"end":{"line":175,"column":null}},"41":{"start":{"line":167,"column":32},"end":{"line":167,"column":77}},"42":{"start":{"line":168,"column":6},"end":{"line":172,"column":9}},"43":{"start":{"line":174,"column":6},"end":{"line":174,"column":18}},"44":{"start":{"line":11,"column":4},"end":{"line":11,"column":80}},"45":{"start":{"line":179,"column":0},"end":{"line":179,"column":34}}},"fnMap":{"0":{"name":"(anonymous_8)","decl":{"start":{"line":10,"column":2},"end":{"line":10,"column":14}},"loc":{"start":{"line":10,"column":46},"end":{"line":12,"column":3}}},"1":{"name":"(anonymous_9)","decl":{"start":{"line":20,"column":19},"end":{"line":20,"column":null}},"loc":{"start":{"line":24,"column":20},"end":{"line":35,"column":4}}},"2":{"name":"(anonymous_10)","decl":{"start":{"line":24,"column":20},"end":{"line":24,"column":null}},"loc":{"start":{"line":24,"column":20},"end":{"line":35,"column":3}}},"3":{"name":"(anonymous_11)","decl":{"start":{"line":45,"column":22},"end":{"line":45,"column":null}},"loc":{"start":{"line":49,"column":20},"end":{"line":60,"column":4}}},"4":{"name":"(anonymous_12)","decl":{"start":{"line":49,"column":20},"end":{"line":49,"column":null}},"loc":{"start":{"line":49,"column":20},"end":{"line":60,"column":3}}},"5":{"name":"(anonymous_13)","decl":{"start":{"line":68,"column":18},"end":{"line":68,"column":null}},"loc":{"start":{"line":72,"column":20},"end":{"line":83,"column":4}}},"6":{"name":"(anonymous_14)","decl":{"start":{"line":72,"column":20},"end":{"line":72,"column":null}},"loc":{"start":{"line":72,"column":20},"end":{"line":83,"column":3}}},"7":{"name":"(anonymous_15)","decl":{"start":{"line":91,"column":22},"end":{"line":91,"column":null}},"loc":{"start":{"line":95,"column":20},"end":{"line":106,"column":4}}},"8":{"name":"(anonymous_16)","decl":{"start":{"line":95,"column":20},"end":{"line":95,"column":null}},"loc":{"start":{"line":95,"column":20},"end":{"line":106,"column":3}}},"9":{"name":"(anonymous_17)","decl":{"start":{"line":114,"column":22},"end":{"line":114,"column":null}},"loc":{"start":{"line":118,"column":20},"end":{"line":129,"column":4}}},"10":{"name":"(anonymous_18)","decl":{"start":{"line":118,"column":20},"end":{"line":118,"column":null}},"loc":{"start":{"line":118,"column":20},"end":{"line":129,"column":3}}},"11":{"name":"(anonymous_19)","decl":{"start":{"line":137,"column":25},"end":{"line":137,"column":null}},"loc":{"start":{"line":141,"column":20},"end":{"line":152,"column":4}}},"12":{"name":"(anonymous_20)","decl":{"start":{"line":141,"column":20},"end":{"line":141,"column":null}},"loc":{"start":{"line":141,"column":20},"end":{"line":152,"column":3}}},"13":{"name":"(anonymous_21)","decl":{"start":{"line":161,"column":18},"end":{"line":161,"column":null}},"loc":{"start":{"line":165,"column":20},"end":{"line":176,"column":4}}},"14":{"name":"(anonymous_22)","decl":{"start":{"line":165,"column":20},"end":{"line":165,"column":null}},"loc":{"start":{"line":165,"column":20},"end":{"line":176,"column":3}}}},"branchMap":{"0":{"loc":{"start":{"line":11,"column":25},"end":{"line":11,"column":79}},"type":"cond-expr","locations":[{"start":{"line":11,"column":41},"end":{"line":11,"column":56}},{"start":{"line":11,"column":58},"end":{"line":11,"column":79}}]}},"s":{"0":1,"1":1,"2":6,"3":1,"4":1,"5":1,"6":1,"7":1,"8":6,"9":1,"10":1,"11":1,"12":1,"13":1,"14":6,"15":1,"16":1,"17":1,"18":1,"19":1,"20":6,"21":2,"22":2,"23":2,"24":2,"25":2,"26":6,"27":1,"28":1,"29":1,"30":1,"31":1,"32":6,"33":0,"34":0,"35":0,"36":0,"37":0,"38":6,"39":0,"40":0,"41":0,"42":0,"43":0,"44":6,"45":1},"f":{"0":6,"1":1,"2":1,"3":1,"4":1,"5":1,"6":1,"7":2,"8":2,"9":1,"10":1,"11":0,"12":0,"13":0,"14":0},"b":{"0":[6,0]}}
,"C:\\Projects\\EmpType\\src\\controllers\\RoleController.ts": {"path":"C:\\Projects\\EmpType\\src\\controllers\\RoleController.ts","statementMap":{"0":{"start":{"line":2,"column":0},"end":{"line":2,"column":43}},"1":{"start":{"line":3,"column":0},"end":{"line":3,"column":50}},"2":{"start":{"line":20,"column":10},"end":{"line":35,"column":4}},"3":{"start":{"line":24,"column":20},"end":{"line":35,"column":4}},"4":{"start":{"line":25,"column":4},"end":{"line":34,"column":null}},"5":{"start":{"line":26,"column":35},"end":{"line":26,"column":75}},"6":{"start":{"line":27,"column":6},"end":{"line":31,"column":9}},"7":{"start":{"line":33,"column":6},"end":{"line":33,"column":18}},"8":{"start":{"line":44,"column":9},"end":{"line":59,"column":4}},"9":{"start":{"line":48,"column":20},"end":{"line":59,"column":4}},"10":{"start":{"line":49,"column":4},"end":{"line":58,"column":null}},"11":{"start":{"line":50,"column":32},"end":{"line":50,"column":68}},"12":{"start":{"line":51,"column":6},"end":{"line":55,"column":9}},"13":{"start":{"line":57,"column":6},"end":{"line":57,"column":18}},"14":{"start":{"line":67,"column":9},"end":{"line":82,"column":4}},"15":{"start":{"line":71,"column":20},"end":{"line":82,"column":4}},"16":{"start":{"line":72,"column":4},"end":{"line":81,"column":null}},"17":{"start":{"line":73,"column":32},"end":{"line":73,"column":78}},"18":{"start":{"line":74,"column":6},"end":{"line":78,"column":9}},"19":{"start":{"line":80,"column":6},"end":{"line":80,"column":18}},"20":{"start":{"line":90,"column":10},"end":{"line":105,"column":4}},"21":{"start":{"line":94,"column":20},"end":{"line":105,"column":4}},"22":{"start":{"line":95,"column":4},"end":{"line":104,"column":null}},"23":{"start":{"line":96,"column":32},"end":{"line":96,"column":81}},"24":{"start":{"line":97,"column":6},"end":{"line":101,"column":9}},"25":{"start":{"line":103,"column":6},"end":{"line":103,"column":18}},"26":{"start":{"line":113,"column":10},"end":{"line":128,"column":4}},"27":{"start":{"line":117,"column":20},"end":{"line":128,"column":4}},"28":{"start":{"line":118,"column":4},"end":{"line":127,"column":null}},"29":{"start":{"line":119,"column":19},"end":{"line":119,"column":78}},"30":{"start":{"line":120,"column":6},"end":{"line":124,"column":9}},"31":{"start":{"line":126,"column":6},"end":{"line":126,"column":18}},"32":{"start":{"line":11,"column":4},"end":{"line":11,"column":64}},"33":{"start":{"line":131,"column":0},"end":{"line":131,"column":30}}},"fnMap":{"0":{"name":"(anonymous_8)","decl":{"start":{"line":10,"column":2},"end":{"line":10,"column":15}},"loc":{"start":{"line":10,"column":39},"end":{"line":12,"column":1}}},"1":{"name":"(anonymous_9)","decl":{"start":{"line":20,"column":20},"end":{"line":20,"column":null}},"loc":{"start":{"line":24,"column":20},"end":{"line":35,"column":4}}},"2":{"name":"(anonymous_10)","decl":{"start":{"line":24,"column":20},"end":{"line":24,"column":null}},"loc":{"start":{"line":24,"column":20},"end":{"line":35,"column":3}}},"3":{"name":"(anonymous_11)","decl":{"start":{"line":44,"column":23},"end":{"line":44,"column":null}},"loc":{"start":{"line":48,"column":20},"end":{"line":59,"column":4}}},"4":{"name":"(anonymous_12)","decl":{"start":{"line":48,"column":20},"end":{"line":48,"column":null}},"loc":{"start":{"line":48,"column":20},"end":{"line":59,"column":3}}},"5":{"name":"(anonymous_13)","decl":{"start":{"line":67,"column":19},"end":{"line":67,"column":null}},"loc":{"start":{"line":71,"column":20},"end":{"line":82,"column":4}}},"6":{"name":"(anonymous_14)","decl":{"start":{"line":71,"column":20},"end":{"line":71,"column":null}},"loc":{"start":{"line":71,"column":20},"end":{"line":82,"column":3}}},"7":{"name":"(anonymous_15)","decl":{"start":{"line":90,"column":23},"end":{"line":90,"column":null}},"loc":{"start":{"line":94,"column":20},"end":{"line":105,"column":4}}},"8":{"name":"(anonymous_16)","decl":{"start":{"line":94,"column":20},"end":{"line":94,"column":null}},"loc":{"start":{"line":94,"column":20},"end":{"line":105,"column":3}}},"9":{"name":"(anonymous_17)","decl":{"start":{"line":113,"column":23},"end":{"line":113,"column":null}},"loc":{"start":{"line":117,"column":20},"end":{"line":128,"column":4}}},"10":{"name":"(anonymous_18)","decl":{"start":{"line":117,"column":20},"end":{"line":117,"column":null}},"loc":{"start":{"line":117,"column":20},"end":{"line":128,"column":3}}}},"branchMap":{"0":{"loc":{"start":{"line":11,"column":21},"end":{"line":11,"column":63}},"type":"cond-expr","locations":[{"start":{"line":11,"column":33},"end":{"line":11,"column":44}},{"start":{"line":11,"column":46},"end":{"line":11,"column":63}}]}},"s":{"0":1,"1":1,"2":5,"3":1,"4":1,"5":1,"6":1,"7":1,"8":5,"9":1,"10":1,"11":1,"12":1,"13":1,"14":5,"15":1,"16":1,"17":1,"18":1,"19":1,"20":5,"21":1,"22":1,"23":1,"24":1,"25":1,"26":5,"27":1,"28":1,"29":1,"30":1,"31":1,"32":5,"33":1},"f":{"0":5,"1":1,"2":1,"3":1,"4":1,"5":1,"6":1,"7":1,"8":1,"9":1,"10":1},"b":{"0":[5,0]}}
,"C:\\Projects\\EmpType\\src\\services\\DepartmentService.ts": {"path":"C:\\Projects\\EmpType\\src\\services\\DepartmentService.ts","statementMap":{"0":{"start":{"line":1,"column":0},"end":{"line":1,"column":54}},"1":{"start":{"line":3,"column":0},"end":{"line":3,"column":51}},"2":{"start":{"line":16,"column":9},"end":{"line":20,"column":4}},"3":{"start":{"line":16,"column":34},"end":{"line":20,"column":4}},"4":{"start":{"line":17,"column":16},"end":{"line":17,"column":53}},"5":{"start":{"line":18,"column":4},"end":{"line":18,"column":null}},"6":{"start":{"line":19,"column":4},"end":{"line":19,"column":29}},"7":{"start":{"line":23,"column":9},"end":{"line":27,"column":4}},"8":{"start":{"line":23,"column":60},"end":{"line":27,"column":4}},"9":{"start":{"line":24,"column":16},"end":{"line":24,"column":55}},"10":{"start":{"line":25,"column":4},"end":{"line":25,"column":null}},"11":{"start":{"line":26,"column":4},"end":{"line":26,"column":29}},"12":{"start":{"line":30,"column":9},"end":{"line":34,"column":4}},"13":{"start":{"line":30,"column":55},"end":{"line":34,"column":4}},"14":{"start":{"line":31,"column":16},"end":{"line":31,"column":48}},"15":{"start":{"line":32,"column":4},"end":{"line":32,"column":null}},"16":{"start":{"line":33,"column":4},"end":{"line":33,"column":29}},"17":{"start":{"line":37,"column":9},"end":{"line":42,"column":4}},"18":{"start":{"line":37,"column":58},"end":{"line":42,"column":4}},"19":{"start":{"line":38,"column":16},"end":{"line":38,"column":56}},"20":{"start":{"line":39,"column":4},"end":{"line":39,"column":null}},"21":{"start":{"line":40,"column":4},"end":{"line":40,"column":29}},"22":{"start":{"line":45,"column":9},"end":{"line":49,"column":4}},"23":{"start":{"line":45,"column":76},"end":{"line":49,"column":4}},"24":{"start":{"line":46,"column":16},"end":{"line":46,"column":62}},"25":{"start":{"line":47,"column":4},"end":{"line":47,"column":null}},"26":{"start":{"line":48,"column":4},"end":{"line":48,"column":29}},"27":{"start":{"line":11,"column":4},"end":{"line":11,"column":59}},"28":{"start":{"line":12,"column":4},"end":{"line":12,"column":null}},"29":{"start":{"line":51,"column":0},"end":{"line":51,"column":33}}},"fnMap":{"0":{"name":"(anonymous_8)","decl":{"start":{"line":10,"column":2},"end":{"line":10,"column":14}},"loc":{"start":{"line":10,"column":37},"end":{"line":13,"column":3}}},"1":{"name":"(anonymous_9)","decl":{"start":{"line":16,"column":23},"end":{"line":16,"column":32}},"loc":{"start":{"line":16,"column":34},"end":{"line":20,"column":4}}},"2":{"name":"(anonymous_10)","decl":{"start":{"line":16,"column":34},"end":{"line":16,"column":null}},"loc":{"start":{"line":16,"column":34},"end":{"line":20,"column":3}}},"3":{"name":"(anonymous_11)","decl":{"start":{"line":23,"column":19},"end":{"line":23,"column":26}},"loc":{"start":{"line":23,"column":60},"end":{"line":27,"column":4}}},"4":{"name":"(anonymous_12)","decl":{"start":{"line":23,"column":60},"end":{"line":23,"column":null}},"loc":{"start":{"line":23,"column":60},"end":{"line":27,"column":3}}},"5":{"name":"(anonymous_13)","decl":{"start":{"line":30,"column":19},"end":{"line":30,"column":26}},"loc":{"start":{"line":30,"column":55},"end":{"line":34,"column":4}}},"6":{"name":"(anonymous_14)","decl":{"start":{"line":30,"column":55},"end":{"line":30,"column":null}},"loc":{"start":{"line":30,"column":55},"end":{"line":34,"column":3}}},"7":{"name":"(anonymous_15)","decl":{"start":{"line":37,"column":22},"end":{"line":37,"column":29}},"loc":{"start":{"line":37,"column":58},"end":{"line":42,"column":4}}},"8":{"name":"(anonymous_16)","decl":{"start":{"line":37,"column":58},"end":{"line":37,"column":null}},"loc":{"start":{"line":37,"column":58},"end":{"line":42,"column":3}}},"9":{"name":"(anonymous_17)","decl":{"start":{"line":45,"column":22},"end":{"line":45,"column":29}},"loc":{"start":{"line":45,"column":76},"end":{"line":49,"column":4}}},"10":{"name":"(anonymous_18)","decl":{"start":{"line":45,"column":76},"end":{"line":45,"column":null}},"loc":{"start":{"line":45,"column":76},"end":{"line":49,"column":3}}}},"branchMap":{"0":{"loc":{"start":{"line":11,"column":19},"end":{"line":11,"column":58}},"type":"cond-expr","locations":[{"start":{"line":11,"column":29},"end":{"line":11,"column":36}},{"start":{"line":11,"column":39},"end":{"line":11,"column":58}}]}},"s":{"0":2,"1":2,"2":10,"3":1,"4":1,"5":1,"6":1,"7":10,"8":1,"9":1,"10":1,"11":1,"12":10,"13":1,"14":1,"15":1,"16":1,"17":10,"18":1,"19":1,"20":1,"21":1,"22":10,"23":1,"24":1,"25":1,"26":1,"27":10,"28":10,"29":2},"f":{"0":10,"1":1,"2":1,"3":1,"4":1,"5":1,"6":1,"7":1,"8":1,"9":1,"10":1},"b":{"0":[5,5]}}
,"C:\\Projects\\EmpType\\src\\services\\EmployeeService.ts": {"path":"C:\\Projects\\EmpType\\src\\services\\EmployeeService.ts","statementMap":{"0":{"start":{"line":1,"column":0},"end":{"line":1,"column":50}},"1":{"start":{"line":3,"column":0},"end":{"line":3,"column":51}},"2":{"start":{"line":16,"column":9},"end":{"line":20,"column":4}},"3":{"start":{"line":16,"column":47},"end":{"line":20,"column":4}},"4":{"start":{"line":17,"column":25},"end":{"line":17,"column":60}},"5":{"start":{"line":18,"column":4},"end":{"line":18,"column":null}},"6":{"start":{"line":19,"column":4},"end":{"line":19,"column":29}},"7":{"start":{"line":23,"column":9},"end":{"line":27,"column":4}},"8":{"start":{"line":23,"column":70},"end":{"line":27,"column":4}},"9":{"start":{"line":24,"column":16},"end":{"line":24,"column":58}},"10":{"start":{"line":25,"column":4},"end":{"line":25,"column":null}},"11":{"start":{"line":26,"column":4},"end":{"line":26,"column":29}},"12":{"start":{"line":31,"column":9},"end":{"line":35,"column":4}},"13":{"start":{"line":31,"column":54},"end":{"line":35,"column":4}},"14":{"start":{"line":32,"column":16},"end":{"line":32,"column":52}},"15":{"start":{"line":33,"column":4},"end":{"line":33,"column":null}},"16":{"start":{"line":34,"column":4},"end":{"line":34,"column":29}},"17":{"start":{"line":38,"column":9},"end":{"line":43,"column":4}},"18":{"start":{"line":38,"column":57},"end":{"line":43,"column":4}},"19":{"start":{"line":39,"column":16},"end":{"line":39,"column":54}},"20":{"start":{"line":40,"column":4},"end":{"line":40,"column":null}},"21":{"start":{"line":41,"column":4},"end":{"line":41,"column":29}},"22":{"start":{"line":46,"column":9},"end":{"line":50,"column":4}},"23":{"start":{"line":46,"column":73},"end":{"line":50,"column":4}},"24":{"start":{"line":47,"column":16},"end":{"line":47,"column":56}},"25":{"start":{"line":48,"column":4},"end":{"line":48,"column":null}},"26":{"start":{"line":49,"column":4},"end":{"line":49,"column":29}},"27":{"start":{"line":53,"column":9},"end":{"line":57,"column":4}},"28":{"start":{"line":53,"column":49},"end":{"line":57,"column":4}},"29":{"start":{"line":54,"column":16},"end":{"line":54,"column":57}},"30":{"start":{"line":55,"column":4},"end":{"line":55,"column":null}},"31":{"start":{"line":56,"column":4},"end":{"line":56,"column":29}},"32":{"start":{"line":60,"column":9},"end":{"line":64,"column":null}},"33":{"start":{"line":60,"column":45},"end":{"line":64,"column":null}},"34":{"start":{"line":61,"column":16},"end":{"line":61,"column":53}},"35":{"start":{"line":62,"column":4},"end":{"line":62,"column":null}},"36":{"start":{"line":63,"column":4},"end":{"line":63,"column":29}},"37":{"start":{"line":10,"column":4},"end":{"line":10,"column":69}},"38":{"start":{"line":11,"column":4},"end":{"line":11,"column":null}},"39":{"start":{"line":66,"column":0},"end":{"line":66,"column":31}}},"fnMap":{"0":{"name":"(anonymous_8)","decl":{"start":{"line":9,"column":2},"end":{"line":9,"column":14}},"loc":{"start":{"line":9,"column":39},"end":{"line":12,"column":3}}},"1":{"name":"(anonymous_9)","decl":{"start":{"line":16,"column":22},"end":{"line":16,"column":45}},"loc":{"start":{"line":16,"column":47},"end":{"line":20,"column":4}}},"2":{"name":"(anonymous_10)","decl":{"start":{"line":16,"column":47},"end":{"line":16,"column":null}},"loc":{"start":{"line":16,"column":47},"end":{"line":20,"column":3}}},"3":{"name":"(anonymous_11)","decl":{"start":{"line":23,"column":18},"end":{"line":23,"column":25}},"loc":{"start":{"line":23,"column":70},"end":{"line":27,"column":4}}},"4":{"name":"(anonymous_12)","decl":{"start":{"line":23,"column":70},"end":{"line":23,"column":null}},"loc":{"start":{"line":23,"column":70},"end":{"line":27,"column":3}}},"5":{"name":"(anonymous_13)","decl":{"start":{"line":31,"column":18},"end":{"line":31,"column":25}},"loc":{"start":{"line":31,"column":54},"end":{"line":35,"column":4}}},"6":{"name":"(anonymous_14)","decl":{"start":{"line":31,"column":54},"end":{"line":31,"column":null}},"loc":{"start":{"line":31,"column":54},"end":{"line":35,"column":3}}},"7":{"name":"(anonymous_15)","decl":{"start":{"line":38,"column":21},"end":{"line":38,"column":28}},"loc":{"start":{"line":38,"column":57},"end":{"line":43,"column":4}}},"8":{"name":"(anonymous_16)","decl":{"start":{"line":38,"column":57},"end":{"line":38,"column":null}},"loc":{"start":{"line":38,"column":57},"end":{"line":43,"column":3}}},"9":{"name":"(anonymous_17)","decl":{"start":{"line":46,"column":21},"end":{"line":46,"column":28}},"loc":{"start":{"line":46,"column":73},"end":{"line":50,"column":4}}},"10":{"name":"(anonymous_18)","decl":{"start":{"line":46,"column":73},"end":{"line":46,"column":null}},"loc":{"start":{"line":46,"column":73},"end":{"line":50,"column":3}}},"11":{"name":"(anonymous_19)","decl":{"start":{"line":53,"column":24},"end":{"line":53,"column":31}},"loc":{"start":{"line":53,"column":49},"end":{"line":57,"column":4}}},"12":{"name":"(anonymous_20)","decl":{"start":{"line":53,"column":49},"end":{"line":53,"column":null}},"loc":{"start":{"line":53,"column":49},"end":{"line":57,"column":3}}},"13":{"name":"(anonymous_21)","decl":{"start":{"line":60,"column":20},"end":{"line":60,"column":27}},"loc":{"start":{"line":60,"column":45},"end":{"line":64,"column":null}}},"14":{"name":"(anonymous_22)","decl":{"start":{"line":60,"column":45},"end":{"line":60,"column":null}},"loc":{"start":{"line":60,"column":45},"end":{"line":64,"column":3}}}},"branchMap":{"0":{"loc":{"start":{"line":10,"column":23},"end":{"line":10,"column":68}},"type":"cond-expr","locations":[{"start":{"line":10,"column":37},"end":{"line":10,"column":48}},{"start":{"line":10,"column":51},"end":{"line":10,"column":68}}]}},"s":{"0":2,"1":2,"2":11,"3":1,"4":1,"5":1,"6":1,"7":11,"8":1,"9":1,"10":1,"11":1,"12":11,"13":1,"14":1,"15":1,"16":1,"17":11,"18":1,"19":1,"20":1,"21":1,"22":11,"23":1,"24":1,"25":1,"26":1,"27":11,"28":0,"29":0,"30":0,"31":0,"32":11,"33":0,"34":0,"35":0,"36":0,"37":11,"38":11,"39":2},"f":{"0":11,"1":1,"2":1,"3":1,"4":1,"5":1,"6":1,"7":1,"8":1,"9":1,"10":1,"11":0,"12":0,"13":0,"14":0},"b":{"0":[5,6]}}
,"C:\\Projects\\EmpType\\src\\services\\RoleService.ts": {"path":"C:\\Projects\\EmpType\\src\\services\\RoleService.ts","statementMap":{"0":{"start":{"line":1,"column":0},"end":{"line":1,"column":42}},"1":{"start":{"line":3,"column":0},"end":{"line":3,"column":51}},"2":{"start":{"line":16,"column":9},"end":{"line":20,"column":4}},"3":{"start":{"line":16,"column":48},"end":{"line":20,"column":4}},"4":{"start":{"line":17,"column":16},"end":{"line":17,"column":47}},"5":{"start":{"line":18,"column":4},"end":{"line":18,"column":null}},"6":{"start":{"line":19,"column":4},"end":{"line":19,"column":29}},"7":{"start":{"line":23,"column":9},"end":{"line":27,"column":4}},"8":{"start":{"line":23,"column":54},"end":{"line":27,"column":4}},"9":{"start":{"line":24,"column":16},"end":{"line":24,"column":49}},"10":{"start":{"line":25,"column":4},"end":{"line":25,"column":null}},"11":{"start":{"line":26,"column":4},"end":{"line":26,"column":29}},"12":{"start":{"line":30,"column":9},"end":{"line":34,"column":4}},"13":{"start":{"line":30,"column":55},"end":{"line":34,"column":4}},"14":{"start":{"line":31,"column":16},"end":{"line":31,"column":48}},"15":{"start":{"line":32,"column":4},"end":{"line":32,"column":null}},"16":{"start":{"line":33,"column":4},"end":{"line":33,"column":29}},"17":{"start":{"line":37,"column":9},"end":{"line":42,"column":4}},"18":{"start":{"line":37,"column":58},"end":{"line":42,"column":4}},"19":{"start":{"line":38,"column":16},"end":{"line":38,"column":50}},"20":{"start":{"line":39,"column":4},"end":{"line":39,"column":null}},"21":{"start":{"line":40,"column":4},"end":{"line":40,"column":29}},"22":{"start":{"line":45,"column":9},"end":{"line":49,"column":4}},"23":{"start":{"line":45,"column":70},"end":{"line":49,"column":4}},"24":{"start":{"line":46,"column":16},"end":{"line":46,"column":56}},"25":{"start":{"line":47,"column":4},"end":{"line":47,"column":null}},"26":{"start":{"line":48,"column":4},"end":{"line":48,"column":29}},"27":{"start":{"line":10,"column":4},"end":{"line":10,"column":53}},"28":{"start":{"line":11,"column":4},"end":{"line":11,"column":null}},"29":{"start":{"line":51,"column":0},"end":{"line":51,"column":27}}},"fnMap":{"0":{"name":"(anonymous_8)","decl":{"start":{"line":9,"column":2},"end":{"line":9,"column":14}},"loc":{"start":{"line":9,"column":31},"end":{"line":12,"column":3}}},"1":{"name":"(anonymous_9)","decl":{"start":{"line":16,"column":23},"end":{"line":16,"column":46}},"loc":{"start":{"line":16,"column":48},"end":{"line":20,"column":4}}},"2":{"name":"(anonymous_10)","decl":{"start":{"line":16,"column":48},"end":{"line":16,"column":null}},"loc":{"start":{"line":16,"column":48},"end":{"line":20,"column":3}}},"3":{"name":"(anonymous_11)","decl":{"start":{"line":23,"column":19},"end":{"line":23,"column":26}},"loc":{"start":{"line":23,"column":54},"end":{"line":27,"column":4}}},"4":{"name":"(anonymous_12)","decl":{"start":{"line":23,"column":54},"end":{"line":23,"column":null}},"loc":{"start":{"line":23,"column":54},"end":{"line":27,"column":3}}},"5":{"name":"(anonymous_13)","decl":{"start":{"line":30,"column":19},"end":{"line":30,"column":26}},"loc":{"start":{"line":30,"column":55},"end":{"line":34,"column":4}}},"6":{"name":"(anonymous_14)","decl":{"start":{"line":30,"column":55},"end":{"line":30,"column":null}},"loc":{"start":{"line":30,"column":55},"end":{"line":34,"column":3}}},"7":{"name":"(anonymous_15)","decl":{"start":{"line":37,"column":22},"end":{"line":37,"column":29}},"loc":{"start":{"line":37,"column":58},"end":{"line":42,"column":4}}},"8":{"name":"(anonymous_16)","decl":{"start":{"line":37,"column":58},"end":{"line":37,"column":null}},"loc":{"start":{"line":37,"column":58},"end":{"line":42,"column":3}}},"9":{"name":"(anonymous_17)","decl":{"start":{"line":45,"column":22},"end":{"line":45,"column":29}},"loc":{"start":{"line":45,"column":70},"end":{"line":49,"column":4}}},"10":{"name":"(anonymous_18)","decl":{"start":{"line":45,"column":70},"end":{"line":45,"column":null}},"loc":{"start":{"line":45,"column":70},"end":{"line":49,"column":3}}}},"branchMap":{"0":{"loc":{"start":{"line":10,"column":19},"end":{"line":10,"column":52}},"type":"cond-expr","locations":[{"start":{"line":10,"column":29},"end":{"line":10,"column":36}},{"start":{"line":10,"column":39},"end":{"line":10,"column":52}}]}},"s":{"0":2,"1":2,"2":10,"3":1,"4":1,"5":1,"6":1,"7":10,"8":1,"9":1,"10":1,"11":1,"12":10,"13":1,"14":1,"15":1,"16":1,"17":10,"18":1,"19":1,"20":1,"21":1,"22":10,"23":1,"24":1,"25":1,"26":1,"27":10,"28":10,"29":2},"f":{"0":10,"1":1,"2":1,"3":1,"4":1,"5":1,"6":1,"7":1,"8":1,"9":1,"10":1},"b":{"0":[5,5]}}
}
