{"C:\\Projects\\EmpType\\src\\Dao\\Employee.Dao.ts": {"path":"C:\\Projects\\EmpType\\src\\Dao\\Employee.Dao.ts","statementMap":{"0":{"start":{"line":2,"column":0},"end":{"line":2,"column":40}},"1":{"start":{"line":9,"column":23},"end":{"line":9,"column":30}},"2":{"start":{"line":10,"column":16},"end":{"line":10,"column":29}},"3":{"start":{"line":11,"column":16},"end":{"line":11,"column":22}},"4":{"start":{"line":49,"column":11},"end":{"line":52,"column":null}},"5":{"start":{"line":49,"column":35},"end":{"line":52,"column":null}},"6":{"start":{"line":50,"column":23},"end":{"line":50,"column":71}},"7":{"start":{"line":51,"column":8},"end":{"line":51,"column":32}},"8":{"start":{"line":22,"column":0},"end":{"line":22,"column":13}}},"fnMap":{"0":{"name":"(anonymous_7)","decl":{"start":{"line":22,"column":0},"end":{"line":22,"column":13}},"loc":{"start":{"line":22,"column":0},"end":{"line":155,"column":1}}},"1":{"name":"(anonymous_8)","decl":{"start":{"line":49,"column":24},"end":{"line":49,"column":33}},"loc":{"start":{"line":49,"column":35},"end":{"line":52,"column":null}}},"2":{"name":"(anonymous_9)","decl":{"start":{"line":49,"column":35},"end":{"line":49,"column":null}},"loc":{"start":{"line":49,"column":35},"end":{"line":52,"column":5}}}},"branchMap":{},"s":{"0":1,"1":1,"2":1,"3":1,"4":1,"5":1,"6":1,"7":0,"8":1},"f":{"0":1,"1":1,"2":1},"b":{}}
,"C:\\Projects\\EmpType\\src\\config\\database.ts": {"path":"C:\\Projects\\EmpType\\src\\config\\database.ts","statementMap":{"0":{"start":{"line":1,"column":0},"end":{"line":1,"column":41}},"1":{"start":{"line":2,"column":0},"end":{"line":2,"column":30}},"2":{"start":{"line":5,"column":10},"end":{"line":5,"column":37}},"3":{"start":{"line":8,"column":13},"end":{"line":8,"column":22}},"4":{"start":{"line":11,"column":13},"end":{"line":11,"column":33}},"5":{"start":{"line":15,"column":23},"end":{"line":20,"column":null}},"6":{"start":{"line":15,"column":59},"end":{"line":20,"column":null}},"7":{"start":{"line":16,"column":15},"end":{"line":16,"column":37}},"8":{"start":{"line":17,"column":2},"end":{"line":17,"column":30}},"9":{"start":{"line":18,"column":2},"end":{"line":18,"column":51}},"10":{"start":{"line":19,"column":2},"end":{"line":19,"column":null}},"11":{"start":{"line":15,"column":13},"end":{"line":15,"column":23}}},"fnMap":{"0":{"name":"(anonymous_8)","decl":{"start":{"line":15,"column":23},"end":{"line":15,"column":30}},"loc":{"start":{"line":15,"column":59},"end":{"line":20,"column":null}}},"1":{"name":"(anonymous_9)","decl":{"start":{"line":15,"column":59},"end":{"line":15,"column":null}},"loc":{"start":{"line":15,"column":59},"end":{"line":20,"column":1}}}},"branchMap":{"0":{"loc":{"start":{"line":15,"column":30},"end":{"line":15,"column":56}},"type":"default-arg","locations":[{"start":{"line":15,"column":50},"end":{"line":15,"column":56}}]}},"s":{"0":1,"1":1,"2":1,"3":1,"4":1,"5":1,"6":0,"7":0,"8":0,"9":0,"10":0,"11":1},"f":{"0":0,"1":0},"b":{"0":[0]}}
,"C:\\Projects\\EmpType\\src\\config\\logger.ts": {"path":"C:\\Projects\\EmpType\\src\\config\\logger.ts","statementMap":{"0":{"start":{"line":1,"column":0},"end":{"line":1,"column":42}},"1":{"start":{"line":2,"column":0},"end":{"line":2,"column":35}},"2":{"start":{"line":8,"column":9},"end":{"line":33,"column":5}},"3":{"start":{"line":35,"column":9},"end":{"line":68,"column":4}},"4":{"start":{"line":45,"column":27},"end":{"line":65,"column":8}},"5":{"start":{"line":66,"column":6},"end":{"line":66,"column":44}},"6":{"start":{"line":71,"column":0},"end":{"line":71,"column":22}}},"fnMap":{"0":{"name":"(anonymous_6)","decl":{"start":{"line":41,"column":4},"end":{"line":41,"column":9}},"loc":{"start":{"line":41,"column":17},"end":{"line":67,"column":5}}}},"branchMap":{},"s":{"0":1,"1":1,"2":1,"3":1,"4":0,"5":0,"6":1},"f":{"0":0},"b":{}}
}
