TN:
SF:src\DTO\ResponseType.dto.ts
FNF:0
FNH:0
DA:8,6
LF:1
LH:1
BRF:0
BRH:0
end_of_record
TN:
SF:src\Dao\Department.Dao.ts
FN:13,(anonymous_7)
FN:14,(anonymous_8)
FN:14,(anonymous_9)
FN:23,(anonymous_10)
FN:23,(anonymous_11)
FN:28,(anonymous_12)
FN:28,(anonymous_13)
FN:33,(anonymous_14)
FN:33,(anonymous_15)
FN:38,(anonymous_16)
FN:38,(anonymous_17)
FNF:11
FNH:1
FNDA:10,(anonymous_7)
FNDA:0,(anonymous_8)
FNDA:0,(anonymous_9)
FNDA:0,(anonymous_10)
FNDA:0,(anonymous_11)
FNDA:0,(anonymous_12)
FNDA:0,(anonymous_13)
FNDA:0,(anonymous_14)
FNDA:0,(anonymous_15)
FNDA:0,(anonymous_16)
FNDA:0,(anonymous_17)
DA:1,2
DA:2,2
DA:4,2
DA:13,2
DA:14,10
DA:15,0
DA:20,0
DA:23,10
DA:24,0
DA:28,10
DA:29,0
DA:30,0
DA:33,10
DA:34,0
DA:35,0
DA:38,10
DA:39,0
LF:17
LH:9
BRF:0
BRH:0
end_of_record
TN:
SF:src\Dao\Employee.Dao.ts
FN:22,(anonymous_8)
FN:23,(anonymous_9)
FN:23,(anonymous_10)
FN:53,(anonymous_11)
FN:53,(anonymous_12)
FN:58,(anonymous_13)
FN:58,(anonymous_14)
FN:63,(anonymous_15)
FN:63,(anonymous_16)
FN:79,(anonymous_17)
FN:79,(anonymous_18)
FN:142,(anonymous_19)
FN:142,(anonymous_20)
FN:148,(anonymous_21)
FN:148,(anonymous_22)
FNF:15
FNH:1
FNDA:11,(anonymous_8)
FNDA:0,(anonymous_9)
FNDA:0,(anonymous_10)
FNDA:0,(anonymous_11)
FNDA:0,(anonymous_12)
FNDA:0,(anonymous_13)
FNDA:0,(anonymous_14)
FNDA:0,(anonymous_15)
FNDA:0,(anonymous_16)
FNDA:0,(anonymous_17)
FNDA:0,(anonymous_18)
FNDA:0,(anonymous_19)
FNDA:0,(anonymous_20)
FNDA:0,(anonymous_21)
FNDA:0,(anonymous_22)
DA:1,2
DA:2,2
DA:6,2
DA:7,2
DA:8,2
DA:9,2
DA:10,2
DA:11,2
DA:22,2
DA:23,11
DA:24,0
DA:25,0
DA:26,0
DA:28,0
DA:49,0
DA:53,11
DA:54,0
DA:58,11
DA:59,0
DA:60,0
DA:63,11
DA:64,0
DA:65,0
DA:79,11
DA:80,0
DA:81,0
DA:92,0
DA:93,0
DA:94,0
DA:107,0
DA:108,0
DA:109,0
DA:123,0
DA:124,0
DA:125,0
DA:142,11
DA:143,0
DA:144,0
DA:145,0
DA:148,11
DA:149,0
DA:150,0
DA:153,0
DA:154,0
DA:155,0
DA:156,0
DA:157,0
DA:158,0
DA:159,0
DA:160,0
DA:170,0
DA:174,0
LF:52
LH:16
BRDA:80,0,0,0
BRDA:80,0,1,0
BRDA:80,1,0,0
BRDA:80,1,1,0
BRDA:92,2,0,0
BRDA:92,2,1,0
BRDA:92,3,0,0
BRDA:92,3,1,0
BRDA:107,4,0,0
BRDA:107,4,1,0
BRDA:107,5,0,0
BRDA:107,5,1,0
BRDA:153,6,0,0
BRDA:153,6,1,0
BRDA:155,7,0,0
BRDA:155,7,1,0
BRF:16
BRH:0
end_of_record
TN:
SF:src\Dao\Role.Dao.ts
FN:13,(anonymous_7)
FN:14,(anonymous_8)
FN:14,(anonymous_9)
FN:23,(anonymous_10)
FN:23,(anonymous_11)
FN:28,(anonymous_12)
FN:28,(anonymous_13)
FN:33,(anonymous_14)
FN:33,(anonymous_15)
FN:39,(anonymous_16)
FN:39,(anonymous_17)
FNF:11
FNH:1
FNDA:10,(anonymous_7)
FNDA:0,(anonymous_8)
FNDA:0,(anonymous_9)
FNDA:0,(anonymous_10)
FNDA:0,(anonymous_11)
FNDA:0,(anonymous_12)
FNDA:0,(anonymous_13)
FNDA:0,(anonymous_14)
FNDA:0,(anonymous_15)
FNDA:0,(anonymous_16)
FNDA:0,(anonymous_17)
DA:1,2
DA:2,2
DA:4,2
DA:13,2
DA:14,10
DA:15,0
DA:20,0
DA:23,10
DA:24,0
DA:28,10
DA:29,0
DA:30,0
DA:33,10
DA:34,0
DA:35,0
DA:36,0
DA:39,10
DA:40,0
LF:18
LH:9
BRF:0
BRH:0
end_of_record
TN:
SF:src\config\database.ts
FN:17,(anonymous_8)
FN:17,(anonymous_9)
FNF:2
FNH:0
FNDA:0,(anonymous_8)
FNDA:0,(anonymous_9)
DA:1,6
DA:2,6
DA:5,6
DA:10,6
DA:13,6
DA:17,6
DA:18,0
DA:19,0
DA:20,0
DA:21,0
LF:10
LH:6
BRDA:17,0,0,0
BRF:1
BRH:0
end_of_record
TN:
SF:src\config\logger.ts
FN:41,(anonymous_6)
FNF:1
FNH:0
FNDA:0,(anonymous_6)
DA:1,6
DA:2,6
DA:8,6
DA:35,6
DA:45,0
DA:66,0
DA:71,6
LF:7
LH:5
BRF:0
BRH:0
end_of_record
TN:
SF:src\controllers\DepartmentController.ts
FN:9,(anonymous_8)
FN:19,(anonymous_9)
FN:23,(anonymous_10)
FN:43,(anonymous_11)
FN:47,(anonymous_12)
FN:66,(anonymous_13)
FN:70,(anonymous_14)
FN:89,(anonymous_15)
FN:93,(anonymous_16)
FN:112,(anonymous_17)
FN:116,(anonymous_18)
FNF:11
FNH:11
FNDA:5,(anonymous_8)
FNDA:1,(anonymous_9)
FNDA:1,(anonymous_10)
FNDA:1,(anonymous_11)
FNDA:1,(anonymous_12)
FNDA:1,(anonymous_13)
FNDA:1,(anonymous_14)
FNDA:1,(anonymous_15)
FNDA:1,(anonymous_16)
FNDA:1,(anonymous_17)
FNDA:1,(anonymous_18)
DA:1,1
DA:4,1
DA:10,5
DA:19,5
DA:23,1
DA:24,1
DA:25,1
DA:26,1
DA:32,1
DA:43,5
DA:47,1
DA:48,1
DA:49,1
DA:50,1
DA:56,1
DA:66,5
DA:70,1
DA:71,1
DA:72,1
DA:73,1
DA:79,1
DA:89,5
DA:93,1
DA:94,1
DA:95,1
DA:96,1
DA:102,1
DA:112,5
DA:116,1
DA:117,1
DA:118,1
DA:119,1
DA:125,1
DA:130,1
LF:34
LH:34
BRDA:10,0,0,5
BRDA:10,0,1,0
BRF:2
BRH:1
end_of_record
TN:
SF:src\controllers\EmployeeController.ts
FN:10,(anonymous_8)
FN:20,(anonymous_9)
FN:24,(anonymous_10)
FN:44,(anonymous_11)
FN:48,(anonymous_12)
FN:67,(anonymous_13)
FN:71,(anonymous_14)
FN:90,(anonymous_15)
FN:94,(anonymous_16)
FN:113,(anonymous_17)
FN:117,(anonymous_18)
FN:136,(anonymous_19)
FN:140,(anonymous_20)
FN:160,(anonymous_21)
FN:164,(anonymous_22)
FNF:15
FNH:11
FNDA:6,(anonymous_8)
FNDA:1,(anonymous_9)
FNDA:1,(anonymous_10)
FNDA:1,(anonymous_11)
FNDA:1,(anonymous_12)
FNDA:1,(anonymous_13)
FNDA:1,(anonymous_14)
FNDA:2,(anonymous_15)
FNDA:2,(anonymous_16)
FNDA:1,(anonymous_17)
FNDA:1,(anonymous_18)
FNDA:0,(anonymous_19)
FNDA:0,(anonymous_20)
FNDA:0,(anonymous_21)
FNDA:0,(anonymous_22)
DA:2,1
DA:3,1
DA:11,6
DA:20,6
DA:24,1
DA:25,1
DA:26,1
DA:27,1
DA:33,1
DA:44,6
DA:48,1
DA:49,1
DA:50,1
DA:51,1
DA:57,1
DA:67,6
DA:71,1
DA:72,1
DA:73,1
DA:74,1
DA:80,1
DA:90,6
DA:94,2
DA:95,2
DA:96,2
DA:97,2
DA:103,2
DA:113,6
DA:117,1
DA:118,1
DA:119,1
DA:120,1
DA:126,1
DA:136,6
DA:140,0
DA:141,0
DA:142,0
DA:143,0
DA:149,0
DA:160,6
DA:164,0
DA:165,0
DA:166,0
DA:167,0
DA:173,0
DA:178,1
LF:46
LH:36
BRDA:11,0,0,6
BRDA:11,0,1,0
BRF:2
BRH:1
end_of_record
TN:
SF:src\controllers\RoleController.ts
FN:10,(anonymous_8)
FN:20,(anonymous_9)
FN:24,(anonymous_10)
FN:44,(anonymous_11)
FN:48,(anonymous_12)
FN:67,(anonymous_13)
FN:71,(anonymous_14)
FN:90,(anonymous_15)
FN:94,(anonymous_16)
FN:113,(anonymous_17)
FN:117,(anonymous_18)
FNF:11
FNH:11
FNDA:5,(anonymous_8)
FNDA:1,(anonymous_9)
FNDA:1,(anonymous_10)
FNDA:1,(anonymous_11)
FNDA:1,(anonymous_12)
FNDA:1,(anonymous_13)
FNDA:1,(anonymous_14)
FNDA:1,(anonymous_15)
FNDA:1,(anonymous_16)
FNDA:1,(anonymous_17)
FNDA:1,(anonymous_18)
DA:2,1
DA:3,1
DA:11,5
DA:20,5
DA:24,1
DA:25,1
DA:26,1
DA:27,1
DA:33,1
DA:44,5
DA:48,1
DA:49,1
DA:50,1
DA:51,1
DA:57,1
DA:67,5
DA:71,1
DA:72,1
DA:73,1
DA:74,1
DA:80,1
DA:90,5
DA:94,1
DA:95,1
DA:96,1
DA:97,1
DA:103,1
DA:113,5
DA:117,1
DA:118,1
DA:119,1
DA:120,1
DA:126,1
DA:131,1
LF:34
LH:34
BRDA:11,0,0,5
BRDA:11,0,1,0
BRF:2
BRH:1
end_of_record
TN:
SF:src\services\DepartmentService.ts
FN:10,(anonymous_8)
FN:16,(anonymous_9)
FN:16,(anonymous_10)
FN:23,(anonymous_11)
FN:23,(anonymous_12)
FN:30,(anonymous_13)
FN:30,(anonymous_14)
FN:37,(anonymous_15)
FN:37,(anonymous_16)
FN:45,(anonymous_17)
FN:45,(anonymous_18)
FNF:11
FNH:11
FNDA:10,(anonymous_8)
FNDA:1,(anonymous_9)
FNDA:1,(anonymous_10)
FNDA:1,(anonymous_11)
FNDA:1,(anonymous_12)
FNDA:1,(anonymous_13)
FNDA:1,(anonymous_14)
FNDA:1,(anonymous_15)
FNDA:1,(anonymous_16)
FNDA:1,(anonymous_17)
FNDA:1,(anonymous_18)
DA:1,2
DA:3,2
DA:11,10
DA:12,10
DA:16,10
DA:17,1
DA:18,1
DA:19,1
DA:23,10
DA:24,1
DA:25,1
DA:26,1
DA:30,10
DA:31,1
DA:32,1
DA:33,1
DA:37,10
DA:38,1
DA:39,1
DA:40,1
DA:45,10
DA:46,1
DA:47,1
DA:48,1
DA:51,2
LF:25
LH:25
BRDA:11,0,0,5
BRDA:11,0,1,5
BRF:2
BRH:2
end_of_record
TN:
SF:src\services\EmployeeService.ts
FN:9,(anonymous_8)
FN:16,(anonymous_9)
FN:16,(anonymous_10)
FN:23,(anonymous_11)
FN:23,(anonymous_12)
FN:30,(anonymous_13)
FN:30,(anonymous_14)
FN:37,(anonymous_15)
FN:37,(anonymous_16)
FN:45,(anonymous_17)
FN:45,(anonymous_18)
FN:52,(anonymous_19)
FN:52,(anonymous_20)
FN:59,(anonymous_21)
FN:59,(anonymous_22)
FNF:15
FNH:11
FNDA:11,(anonymous_8)
FNDA:1,(anonymous_9)
FNDA:1,(anonymous_10)
FNDA:1,(anonymous_11)
FNDA:1,(anonymous_12)
FNDA:1,(anonymous_13)
FNDA:1,(anonymous_14)
FNDA:1,(anonymous_15)
FNDA:1,(anonymous_16)
FNDA:1,(anonymous_17)
FNDA:1,(anonymous_18)
FNDA:0,(anonymous_19)
FNDA:0,(anonymous_20)
FNDA:0,(anonymous_21)
FNDA:0,(anonymous_22)
DA:1,2
DA:3,2
DA:10,11
DA:11,11
DA:16,11
DA:17,1
DA:18,1
DA:19,1
DA:23,11
DA:24,1
DA:25,1
DA:26,1
DA:30,11
DA:31,1
DA:32,1
DA:33,1
DA:37,11
DA:38,1
DA:39,1
DA:40,1
DA:45,11
DA:46,1
DA:47,1
DA:48,1
DA:52,11
DA:53,0
DA:54,0
DA:55,0
DA:59,11
DA:60,0
DA:61,0
DA:62,0
DA:65,2
LF:33
LH:27
BRDA:10,0,0,5
BRDA:10,0,1,6
BRF:2
BRH:2
end_of_record
TN:
SF:src\services\RoleService.ts
FN:9,(anonymous_8)
FN:16,(anonymous_9)
FN:16,(anonymous_10)
FN:23,(anonymous_11)
FN:23,(anonymous_12)
FN:30,(anonymous_13)
FN:30,(anonymous_14)
FN:37,(anonymous_15)
FN:37,(anonymous_16)
FN:45,(anonymous_17)
FN:45,(anonymous_18)
FNF:11
FNH:11
FNDA:10,(anonymous_8)
FNDA:1,(anonymous_9)
FNDA:1,(anonymous_10)
FNDA:1,(anonymous_11)
FNDA:1,(anonymous_12)
FNDA:1,(anonymous_13)
FNDA:1,(anonymous_14)
FNDA:1,(anonymous_15)
FNDA:1,(anonymous_16)
FNDA:1,(anonymous_17)
FNDA:1,(anonymous_18)
DA:1,2
DA:3,2
DA:10,10
DA:11,10
DA:16,10
DA:17,1
DA:18,1
DA:19,1
DA:23,10
DA:24,1
DA:25,1
DA:26,1
DA:30,10
DA:31,1
DA:32,1
DA:33,1
DA:37,10
DA:38,1
DA:39,1
DA:40,1
DA:45,10
DA:46,1
DA:47,1
DA:48,1
DA:51,2
LF:25
LH:25
BRDA:10,0,0,5
BRDA:10,0,1,5
BRF:2
BRH:2
end_of_record
