TN:
SF:src\DTO\ResponseType.dto.ts
FNF:0
FNH:0
DA:8,6
LF:1
LH:1
BRF:0
BRH:0
end_of_record
TN:
SF:src\Dao\Department.Dao.ts
FN:13,(anonymous_7)
FN:14,(anonymous_8)
FN:14,(anonymous_9)
FN:23,(anonymous_10)
FN:23,(anonymous_11)
FN:30,(anonymous_12)
FN:30,(anonymous_13)
FN:35,(anonymous_14)
FN:35,(anonymous_15)
FN:40,(anonymous_16)
FN:40,(anonymous_17)
FNF:11
FNH:11
FNDA:16,(anonymous_7)
FNDA:1,(anonymous_8)
FNDA:1,(anonymous_9)
FNDA:1,(anonymous_10)
FNDA:1,(anonymous_11)
FNDA:1,(anonymous_12)
FNDA:1,(anonymous_13)
FNDA:2,(anonymous_14)
FNDA:2,(anonymous_15)
FNDA:1,(anonymous_16)
FNDA:1,(anonymous_17)
DA:1,3
DA:2,3
DA:4,3
DA:13,3
DA:14,16
DA:15,1
DA:20,1
DA:23,16
DA:24,1
DA:25,1
DA:26,1
DA:30,16
DA:31,1
DA:32,1
DA:35,16
DA:36,2
DA:37,2
DA:40,16
DA:41,1
LF:19
LH:19
BRF:0
BRH:0
end_of_record
TN:
SF:src\Dao\Employee.Dao.ts
FN:23,(anonymous_8)
FN:24,(anonymous_9)
FN:24,(anonymous_10)
FN:63,(anonymous_11)
FN:63,(anonymous_12)
FN:68,(anonymous_13)
FN:68,(anonymous_14)
FN:73,(anonymous_15)
FN:73,(anonymous_16)
FN:87,(anonymous_17)
FN:87,(anonymous_18)
FN:150,(anonymous_19)
FN:150,(anonymous_20)
FN:156,(anonymous_21)
FN:156,(anonymous_22)
FNF:15
FNH:11
FNDA:17,(anonymous_8)
FNDA:1,(anonymous_9)
FNDA:1,(anonymous_10)
FNDA:1,(anonymous_11)
FNDA:1,(anonymous_12)
FNDA:1,(anonymous_13)
FNDA:1,(anonymous_14)
FNDA:2,(anonymous_15)
FNDA:2,(anonymous_16)
FNDA:1,(anonymous_17)
FNDA:1,(anonymous_18)
FNDA:0,(anonymous_19)
FNDA:0,(anonymous_20)
FNDA:0,(anonymous_21)
FNDA:0,(anonymous_22)
DA:1,3
DA:2,3
DA:6,3
DA:7,3
DA:8,3
DA:10,3
DA:11,3
DA:12,3
DA:23,3
DA:24,17
DA:25,1
DA:26,1
DA:27,1
DA:29,1
DA:50,1
DA:63,17
DA:64,1
DA:68,17
DA:69,1
DA:70,1
DA:73,17
DA:74,2
DA:75,2
DA:87,17
DA:88,1
DA:89,1
DA:100,0
DA:101,0
DA:102,0
DA:115,0
DA:116,0
DA:117,0
DA:131,0
DA:132,0
DA:133,0
DA:150,17
DA:151,0
DA:152,0
DA:153,0
DA:156,17
DA:157,0
DA:158,0
DA:161,0
DA:162,0
DA:163,0
DA:164,0
DA:165,0
DA:166,0
DA:167,0
DA:168,0
DA:178,0
DA:182,0
LF:52
LH:28
BRDA:88,0,0,1
BRDA:88,0,1,0
BRDA:88,1,0,1
BRDA:88,1,1,1
BRDA:100,2,0,0
BRDA:100,2,1,0
BRDA:100,3,0,0
BRDA:100,3,1,0
BRDA:115,4,0,0
BRDA:115,4,1,0
BRDA:115,5,0,0
BRDA:115,5,1,0
BRDA:161,6,0,0
BRDA:161,6,1,0
BRDA:163,7,0,0
BRDA:163,7,1,0
BRF:16
BRH:3
end_of_record
TN:
SF:src\Dao\Role.Dao.ts
FN:13,(anonymous_7)
FN:14,(anonymous_8)
FN:14,(anonymous_9)
FN:23,(anonymous_10)
FN:23,(anonymous_11)
FN:28,(anonymous_12)
FN:28,(anonymous_13)
FN:33,(anonymous_14)
FN:33,(anonymous_15)
FN:39,(anonymous_16)
FN:39,(anonymous_17)
FNF:11
FNH:11
FNDA:16,(anonymous_7)
FNDA:1,(anonymous_8)
FNDA:1,(anonymous_9)
FNDA:1,(anonymous_10)
FNDA:1,(anonymous_11)
FNDA:1,(anonymous_12)
FNDA:1,(anonymous_13)
FNDA:2,(anonymous_14)
FNDA:2,(anonymous_15)
FNDA:1,(anonymous_16)
FNDA:1,(anonymous_17)
DA:1,3
DA:2,3
DA:4,3
DA:13,3
DA:14,16
DA:15,1
DA:20,1
DA:23,16
DA:24,1
DA:28,16
DA:29,1
DA:30,1
DA:33,16
DA:34,2
DA:35,2
DA:36,2
DA:39,16
DA:40,1
LF:18
LH:18
BRF:0
BRH:0
end_of_record
TN:
SF:src\config\database.ts
FN:17,(anonymous_8)
FN:17,(anonymous_9)
FNF:2
FNH:2
FNDA:3,(anonymous_8)
FNDA:3,(anonymous_9)
DA:1,9
DA:2,9
DA:5,9
DA:10,9
DA:13,9
DA:17,9
DA:18,3
DA:19,3
DA:20,3
DA:21,3
LF:10
LH:10
BRDA:17,0,0,0
BRF:1
BRH:0
end_of_record
TN:
SF:src\config\logger.ts
FN:41,(anonymous_6)
FNF:1
FNH:0
FNDA:0,(anonymous_6)
DA:1,9
DA:2,9
DA:8,9
DA:35,9
DA:45,0
DA:66,0
DA:71,9
LF:7
LH:5
BRF:0
BRH:0
end_of_record
TN:
SF:src\controllers\DepartmentController.ts
FN:9,(anonymous_8)
FN:19,(anonymous_9)
FN:23,(anonymous_10)
FN:43,(anonymous_11)
FN:47,(anonymous_12)
FN:66,(anonymous_13)
FN:70,(anonymous_14)
FN:89,(anonymous_15)
FN:93,(anonymous_16)
FN:112,(anonymous_17)
FN:116,(anonymous_18)
FNF:11
FNH:11
FNDA:5,(anonymous_8)
FNDA:1,(anonymous_9)
FNDA:1,(anonymous_10)
FNDA:1,(anonymous_11)
FNDA:1,(anonymous_12)
FNDA:1,(anonymous_13)
FNDA:1,(anonymous_14)
FNDA:1,(anonymous_15)
FNDA:1,(anonymous_16)
FNDA:1,(anonymous_17)
FNDA:1,(anonymous_18)
DA:1,1
DA:4,1
DA:10,5
DA:19,5
DA:23,1
DA:24,1
DA:25,1
DA:26,1
DA:32,1
DA:43,5
DA:47,1
DA:48,1
DA:49,1
DA:50,1
DA:56,1
DA:66,5
DA:70,1
DA:71,1
DA:72,1
DA:73,1
DA:79,1
DA:89,5
DA:93,1
DA:94,1
DA:95,1
DA:96,1
DA:102,1
DA:112,5
DA:116,1
DA:117,1
DA:118,1
DA:119,1
DA:125,1
DA:130,1
LF:34
LH:34
BRDA:10,0,0,5
BRDA:10,0,1,0
BRF:2
BRH:1
end_of_record
TN:
SF:src\controllers\EmployeeController.ts
FN:10,(anonymous_8)
FN:20,(anonymous_9)
FN:24,(anonymous_10)
FN:45,(anonymous_11)
FN:49,(anonymous_12)
FN:68,(anonymous_13)
FN:72,(anonymous_14)
FN:91,(anonymous_15)
FN:95,(anonymous_16)
FN:114,(anonymous_17)
FN:118,(anonymous_18)
FN:137,(anonymous_19)
FN:141,(anonymous_20)
FN:161,(anonymous_21)
FN:165,(anonymous_22)
FNF:15
FNH:11
FNDA:6,(anonymous_8)
FNDA:1,(anonymous_9)
FNDA:1,(anonymous_10)
FNDA:1,(anonymous_11)
FNDA:1,(anonymous_12)
FNDA:1,(anonymous_13)
FNDA:1,(anonymous_14)
FNDA:2,(anonymous_15)
FNDA:2,(anonymous_16)
FNDA:1,(anonymous_17)
FNDA:1,(anonymous_18)
FNDA:0,(anonymous_19)
FNDA:0,(anonymous_20)
FNDA:0,(anonymous_21)
FNDA:0,(anonymous_22)
DA:2,1
DA:3,1
DA:11,6
DA:20,6
DA:24,1
DA:25,1
DA:26,1
DA:27,1
DA:33,1
DA:45,6
DA:49,1
DA:50,1
DA:51,1
DA:52,1
DA:58,1
DA:68,6
DA:72,1
DA:73,1
DA:74,1
DA:75,1
DA:81,1
DA:91,6
DA:95,2
DA:96,2
DA:97,2
DA:98,2
DA:104,2
DA:114,6
DA:118,1
DA:119,1
DA:120,1
DA:121,1
DA:127,1
DA:137,6
DA:141,0
DA:142,0
DA:143,0
DA:144,0
DA:150,0
DA:161,6
DA:165,0
DA:166,0
DA:167,0
DA:168,0
DA:174,0
DA:179,1
LF:46
LH:36
BRDA:11,0,0,6
BRDA:11,0,1,0
BRF:2
BRH:1
end_of_record
TN:
SF:src\controllers\RoleController.ts
FN:10,(anonymous_8)
FN:20,(anonymous_9)
FN:24,(anonymous_10)
FN:44,(anonymous_11)
FN:48,(anonymous_12)
FN:67,(anonymous_13)
FN:71,(anonymous_14)
FN:90,(anonymous_15)
FN:94,(anonymous_16)
FN:113,(anonymous_17)
FN:117,(anonymous_18)
FNF:11
FNH:11
FNDA:5,(anonymous_8)
FNDA:1,(anonymous_9)
FNDA:1,(anonymous_10)
FNDA:1,(anonymous_11)
FNDA:1,(anonymous_12)
FNDA:1,(anonymous_13)
FNDA:1,(anonymous_14)
FNDA:1,(anonymous_15)
FNDA:1,(anonymous_16)
FNDA:1,(anonymous_17)
FNDA:1,(anonymous_18)
DA:2,1
DA:3,1
DA:11,5
DA:20,5
DA:24,1
DA:25,1
DA:26,1
DA:27,1
DA:33,1
DA:44,5
DA:48,1
DA:49,1
DA:50,1
DA:51,1
DA:57,1
DA:67,5
DA:71,1
DA:72,1
DA:73,1
DA:74,1
DA:80,1
DA:90,5
DA:94,1
DA:95,1
DA:96,1
DA:97,1
DA:103,1
DA:113,5
DA:117,1
DA:118,1
DA:119,1
DA:120,1
DA:126,1
DA:131,1
LF:34
LH:34
BRDA:11,0,0,5
BRDA:11,0,1,0
BRF:2
BRH:1
end_of_record
TN:
SF:src\services\DepartmentService.ts
FN:10,(anonymous_8)
FN:16,(anonymous_9)
FN:16,(anonymous_10)
FN:23,(anonymous_11)
FN:23,(anonymous_12)
FN:30,(anonymous_13)
FN:30,(anonymous_14)
FN:37,(anonymous_15)
FN:37,(anonymous_16)
FN:45,(anonymous_17)
FN:45,(anonymous_18)
FNF:11
FNH:11
FNDA:10,(anonymous_8)
FNDA:1,(anonymous_9)
FNDA:1,(anonymous_10)
FNDA:1,(anonymous_11)
FNDA:1,(anonymous_12)
FNDA:1,(anonymous_13)
FNDA:1,(anonymous_14)
FNDA:1,(anonymous_15)
FNDA:1,(anonymous_16)
FNDA:1,(anonymous_17)
FNDA:1,(anonymous_18)
DA:1,2
DA:3,2
DA:11,10
DA:12,10
DA:16,10
DA:17,1
DA:18,1
DA:19,1
DA:23,10
DA:24,1
DA:25,1
DA:26,1
DA:30,10
DA:31,1
DA:32,1
DA:33,1
DA:37,10
DA:38,1
DA:39,1
DA:40,1
DA:45,10
DA:46,1
DA:47,1
DA:48,1
DA:51,2
LF:25
LH:25
BRDA:11,0,0,5
BRDA:11,0,1,5
BRF:2
BRH:2
end_of_record
TN:
SF:src\services\EmployeeService.ts
FN:9,(anonymous_8)
FN:16,(anonymous_9)
FN:16,(anonymous_10)
FN:23,(anonymous_11)
FN:23,(anonymous_12)
FN:31,(anonymous_13)
FN:31,(anonymous_14)
FN:38,(anonymous_15)
FN:38,(anonymous_16)
FN:46,(anonymous_17)
FN:46,(anonymous_18)
FN:53,(anonymous_19)
FN:53,(anonymous_20)
FN:60,(anonymous_21)
FN:60,(anonymous_22)
FNF:15
FNH:11
FNDA:11,(anonymous_8)
FNDA:1,(anonymous_9)
FNDA:1,(anonymous_10)
FNDA:1,(anonymous_11)
FNDA:1,(anonymous_12)
FNDA:1,(anonymous_13)
FNDA:1,(anonymous_14)
FNDA:1,(anonymous_15)
FNDA:1,(anonymous_16)
FNDA:1,(anonymous_17)
FNDA:1,(anonymous_18)
FNDA:0,(anonymous_19)
FNDA:0,(anonymous_20)
FNDA:0,(anonymous_21)
FNDA:0,(anonymous_22)
DA:1,2
DA:3,2
DA:10,11
DA:11,11
DA:16,11
DA:17,1
DA:18,1
DA:19,1
DA:23,11
DA:24,1
DA:25,1
DA:26,1
DA:31,11
DA:32,1
DA:33,1
DA:34,1
DA:38,11
DA:39,1
DA:40,1
DA:41,1
DA:46,11
DA:47,1
DA:48,1
DA:49,1
DA:53,11
DA:54,0
DA:55,0
DA:56,0
DA:60,11
DA:61,0
DA:62,0
DA:63,0
DA:66,2
LF:33
LH:27
BRDA:10,0,0,5
BRDA:10,0,1,6
BRF:2
BRH:2
end_of_record
TN:
SF:src\services\RoleService.ts
FN:9,(anonymous_8)
FN:16,(anonymous_9)
FN:16,(anonymous_10)
FN:23,(anonymous_11)
FN:23,(anonymous_12)
FN:30,(anonymous_13)
FN:30,(anonymous_14)
FN:37,(anonymous_15)
FN:37,(anonymous_16)
FN:45,(anonymous_17)
FN:45,(anonymous_18)
FNF:11
FNH:11
FNDA:10,(anonymous_8)
FNDA:1,(anonymous_9)
FNDA:1,(anonymous_10)
FNDA:1,(anonymous_11)
FNDA:1,(anonymous_12)
FNDA:1,(anonymous_13)
FNDA:1,(anonymous_14)
FNDA:1,(anonymous_15)
FNDA:1,(anonymous_16)
FNDA:1,(anonymous_17)
FNDA:1,(anonymous_18)
DA:1,2
DA:3,2
DA:10,10
DA:11,10
DA:16,10
DA:17,1
DA:18,1
DA:19,1
DA:23,10
DA:24,1
DA:25,1
DA:26,1
DA:30,10
DA:31,1
DA:32,1
DA:33,1
DA:37,10
DA:38,1
DA:39,1
DA:40,1
DA:45,10
DA:46,1
DA:47,1
DA:48,1
DA:51,2
LF:25
LH:25
BRDA:10,0,0,5
BRDA:10,0,1,5
BRF:2
BRH:2
end_of_record
